{"meta": {"format": 3, "version": "7.10.7", "timestamp": "2025-10-06T23:27:12.219951", "branch_coverage": false, "show_contexts": false}, "files": {"app/__init__.py": {"executed_lines": [1], "summary": {"covered_lines": 0, "num_statements": 0, "percent_covered": 100.0, "percent_covered_display": "100", "missing_lines": 0, "excluded_lines": 0}, "missing_lines": [], "excluded_lines": [], "functions": {"": {"executed_lines": [1], "summary": {"covered_lines": 0, "num_statements": 0, "percent_covered": 100.0, "percent_covered_display": "100", "missing_lines": 0, "excluded_lines": 0}, "missing_lines": [], "excluded_lines": []}}, "classes": {"": {"executed_lines": [1], "summary": {"covered_lines": 0, "num_statements": 0, "percent_covered": 100.0, "percent_covered_display": "100", "missing_lines": 0, "excluded_lines": 0}, "missing_lines": [], "excluded_lines": []}}}, "app/core/__init__.py": {"executed_lines": [1, 2, 3, 5], "summary": {"covered_lines": 4, "num_statements": 4, "percent_covered": 100.0, "percent_covered_display": "100", "missing_lines": 0, "excluded_lines": 0}, "missing_lines": [], "excluded_lines": [], "functions": {"": {"executed_lines": [1, 2, 3, 5], "summary": {"covered_lines": 4, "num_statements": 4, "percent_covered": 100.0, "percent_covered_display": "100", "missing_lines": 0, "excluded_lines": 0}, "missing_lines": [], "excluded_lines": []}}, "classes": {"": {"executed_lines": [1, 2, 3, 5], "summary": {"covered_lines": 4, "num_statements": 4, "percent_covered": 100.0, "percent_covered_display": "100", "missing_lines": 0, "excluded_lines": 0}, "missing_lines": [], "excluded_lines": []}}}, "app/core/config.py": {"executed_lines": [1, 2, 4, 6, 9, 10, 11, 12, 13, 14, 15, 16, 17, 20, 21, 24, 27, 28, 29, 32, 33, 36, 37, 38, 41, 42, 43, 44, 47, 49, 50, 51, 53, 54, 55, 57], "summary": {"covered_lines": 36, "num_statements": 36, "percent_covered": 100.0, "percent_covered_display": "100", "missing_lines": 0, "excluded_lines": 0}, "missing_lines": [], "excluded_lines": [], "functions": {"Settings.origins_list": {"executed_lines": [51], "summary": {"covered_lines": 1, "num_statements": 1, "percent_covered": 100.0, "percent_covered_display": "100", "missing_lines": 0, "excluded_lines": 0}, "missing_lines": [], "excluded_lines": []}, "": {"executed_lines": [1, 2, 4, 6, 9, 10, 11, 12, 13, 14, 15, 16, 17, 20, 21, 24, 27, 28, 29, 32, 33, 36, 37, 38, 41, 42, 43, 44, 47, 49, 50, 53, 54, 55, 57], "summary": {"covered_lines": 35, "num_statements": 35, "percent_covered": 100.0, "percent_covered_display": "100", "missing_lines": 0, "excluded_lines": 0}, "missing_lines": [], "excluded_lines": []}}, "classes": {"Settings": {"executed_lines": [51], "summary": {"covered_lines": 1, "num_statements": 1, "percent_covered": 100.0, "percent_covered_display": "100", "missing_lines": 0, "excluded_lines": 0}, "missing_lines": [], "excluded_lines": []}, "Settings.Config": {"executed_lines": [], "summary": {"covered_lines": 0, "num_statements": 0, "percent_covered": 100.0, "percent_covered_display": "100", "missing_lines": 0, "excluded_lines": 0}, "missing_lines": [], "excluded_lines": []}, "": {"executed_lines": [1, 2, 4, 6, 9, 10, 11, 12, 13, 14, 15, 16, 17, 20, 21, 24, 27, 28, 29, 32, 33, 36, 37, 38, 41, 42, 43, 44, 47, 49, 50, 53, 54, 55, 57], "summary": {"covered_lines": 35, "num_statements": 35, "percent_covered": 100.0, "percent_covered_display": "100", "missing_lines": 0, "excluded_lines": 0}, "missing_lines": [], "excluded_lines": []}}}, "app/core/database.py": {"executed_lines": [1, 2, 3, 4, 6, 13, 15, 17], "summary": {"covered_lines": 8, "num_statements": 12, "percent_covered": 66.66666666666667, "percent_covered_display": "67", "missing_lines": 4, "excluded_lines": 0}, "missing_lines": [19, 20, 21, 23], "excluded_lines": [], "functions": {"get_db": {"executed_lines": [], "summary": {"covered_lines": 0, "num_statements": 4, "percent_covered": 0.0, "percent_covered_display": "0", "missing_lines": 4, "excluded_lines": 0}, "missing_lines": [19, 20, 21, 23], "excluded_lines": []}, "": {"executed_lines": [1, 2, 3, 4, 6, 13, 15, 17], "summary": {"covered_lines": 8, "num_statements": 8, "percent_covered": 100.0, "percent_covered_display": "100", "missing_lines": 0, "excluded_lines": 0}, "missing_lines": [], "excluded_lines": []}}, "classes": {"": {"executed_lines": [1, 2, 3, 4, 6, 13, 15, 17], "summary": {"covered_lines": 8, "num_statements": 12, "percent_covered": 66.66666666666667, "percent_covered_display": "67", "missing_lines": 4, "excluded_lines": 0}, "missing_lines": [19, 20, 21, 23], "excluded_lines": []}}}, "app/core/ed25519_auth.py": {"executed_lines": [1, 6, 7, 8, 9, 10, 11, 12, 13, 16, 17, 27, 34, 35, 36, 39, 40, 42, 44, 46, 52, 53, 58, 60, 62, 68, 69, 71, 86, 87, 89, 96, 102, 133, 151, 153, 160, 161, 168, 170, 176, 177, 189, 209], "summary": {"covered_lines": 42, "num_statements": 53, "percent_covered": 79.24528301886792, "percent_covered_display": "79", "missing_lines": 11, "excluded_lines": 0}, "missing_lines": [47, 63, 117, 118, 120, 127, 162, 171, 182, 183, 202], "excluded_lines": [], "functions": {"Ed25519Auth.__init__": {"executed_lines": [34, 35, 36, 39, 40], "summary": {"covered_lines": 5, "num_statements": 5, "percent_covered": 100.0, "percent_covered_display": "100", "missing_lines": 0, "excluded_lines": 0}, "missing_lines": [], "excluded_lines": []}, "Ed25519Auth._load_private_key": {"executed_lines": [44, 46, 52, 53], "summary": {"covered_lines": 4, "num_statements": 5, "percent_covered": 80.0, "percent_covered_display": "80", "missing_lines": 1, "excluded_lines": 0}, "missing_lines": [47], "excluded_lines": []}, "Ed25519Auth._load_public_key": {"executed_lines": [60, 62, 68, 69], "summary": {"covered_lines": 4, "num_statements": 5, "percent_covered": 80.0, "percent_covered_display": "80", "missing_lines": 1, "excluded_lines": 0}, "missing_lines": [63], "excluded_lines": []}, "Ed25519Auth.create_access_token": {"executed_lines": [86, 87, 89, 96], "summary": {"covered_lines": 4, "num_statements": 4, "percent_covered": 100.0, "percent_covered_display": "100", "missing_lines": 0, "excluded_lines": 0}, "missing_lines": [], "excluded_lines": []}, "Ed25519Auth.create_refresh_token": {"executed_lines": [], "summary": {"covered_lines": 0, "num_statements": 4, "percent_covered": 0.0, "percent_covered_display": "0", "missing_lines": 4, "excluded_lines": 0}, "missing_lines": [117, 118, 120, 127], "excluded_lines": []}, "Ed25519Auth.verify_token": {"executed_lines": [151, 153, 160, 161, 168, 170, 176, 177], "summary": {"covered_lines": 8, "num_statements": 12, "percent_covered": 66.66666666666667, "percent_covered_display": "67", "missing_lines": 4, "excluded_lines": 0}, "missing_lines": [162, 171, 182, 183], "excluded_lines": []}, "Ed25519Auth.decode_without_verification": {"executed_lines": [], "summary": {"covered_lines": 0, "num_statements": 1, "percent_covered": 0.0, "percent_covered_display": "0", "missing_lines": 1, "excluded_lines": 0}, "missing_lines": [202], "excluded_lines": []}, "": {"executed_lines": [1, 6, 7, 8, 9, 10, 11, 12, 13, 16, 17, 27, 42, 58, 71, 102, 133, 189, 209], "summary": {"covered_lines": 17, "num_statements": 17, "percent_covered": 100.0, "percent_covered_display": "100", "missing_lines": 0, "excluded_lines": 0}, "missing_lines": [], "excluded_lines": []}}, "classes": {"Ed25519Auth": {"executed_lines": [34, 35, 36, 39, 40, 44, 46, 52, 53, 60, 62, 68, 69, 86, 87, 89, 96, 151, 153, 160, 161, 168, 170, 176, 177], "summary": {"covered_lines": 25, "num_statements": 36, "percent_covered": 69.44444444444444, "percent_covered_display": "69", "missing_lines": 11, "excluded_lines": 0}, "missing_lines": [47, 63, 117, 118, 120, 127, 162, 171, 182, 183, 202], "excluded_lines": []}, "": {"executed_lines": [1, 6, 7, 8, 9, 10, 11, 12, 13, 16, 17, 27, 42, 58, 71, 102, 133, 189, 209], "summary": {"covered_lines": 17, "num_statements": 17, "percent_covered": 100.0, "percent_covered_display": "100", "missing_lines": 0, "excluded_lines": 0}, "missing_lines": [], "excluded_lines": []}}}, "app/core/events.py": {"executed_lines": [1, 6, 7, 8, 9, 10, 11, 12, 13, 14, 15, 18, 19, 31, 38, 39, 40, 41, 42, 44, 46, 47, 48, 49, 50, 51, 52, 53, 56, 62, 64, 65, 66, 67, 69, 100, 101, 104, 119, 120, 122, 123, 128, 133, 141, 142, 147, 165, 178, 194, 205, 220, 231, 247, 261], "summary": {"covered_lines": 53, "num_statements": 54, "percent_covered": 98.14814814814815, "percent_covered_display": "98", "missing_lines": 1, "excluded_lines": 0}, "missing_lines": [145], "excluded_lines": [], "functions": {"EventPublisher.__init__": {"executed_lines": [38, 39, 40, 41, 42], "summary": {"covered_lines": 5, "num_statements": 5, "percent_covered": 100.0, "percent_covered_display": "100", "missing_lines": 0, "excluded_lines": 0}, "missing_lines": [], "excluded_lines": []}, "EventPublisher.connect": {"executed_lines": [46, 47, 48, 49, 50, 51, 52, 53, 56], "summary": {"covered_lines": 9, "num_statements": 9, "percent_covered": 100.0, "percent_covered_display": "100", "missing_lines": 0, "excluded_lines": 0}, "missing_lines": [], "excluded_lines": []}, "EventPublisher.disconnect": {"executed_lines": [64, 65, 66, 67], "summary": {"covered_lines": 4, "num_statements": 4, "percent_covered": 100.0, "percent_covered_display": "100", "missing_lines": 0, "excluded_lines": 0}, "missing_lines": [], "excluded_lines": []}, "EventPublisher.publish": {"executed_lines": [100, 101, 104, 119, 120, 122, 123, 128], "summary": {"covered_lines": 8, "num_statements": 8, "percent_covered": 100.0, "percent_covered_display": "100", "missing_lines": 0, "excluded_lines": 0}, "missing_lines": [], "excluded_lines": []}, "EventPublisher.subscribe": {"executed_lines": [141, 142], "summary": {"covered_lines": 2, "num_statements": 3, "percent_covered": 66.66666666666667, "percent_covered_display": "67", "missing_lines": 1, "excluded_lines": 0}, "missing_lines": [145], "excluded_lines": []}, "EventPublisher.publish_task_created": {"executed_lines": [165], "summary": {"covered_lines": 1, "num_statements": 1, "percent_covered": 100.0, "percent_covered_display": "100", "missing_lines": 0, "excluded_lines": 0}, "missing_lines": [], "excluded_lines": []}, "EventPublisher.publish_task_completed": {"executed_lines": [194], "summary": {"covered_lines": 1, "num_statements": 1, "percent_covered": 100.0, "percent_covered_display": "100", "missing_lines": 0, "excluded_lines": 0}, "missing_lines": [], "excluded_lines": []}, "EventPublisher.publish_project_milestone": {"executed_lines": [220], "summary": {"covered_lines": 1, "num_statements": 1, "percent_covered": 100.0, "percent_covered_display": "100", "missing_lines": 0, "excluded_lines": 0}, "missing_lines": [], "excluded_lines": []}, "EventPublisher.publish_shadow_insight": {"executed_lines": [247], "summary": {"covered_lines": 1, "num_statements": 1, "percent_covered": 100.0, "percent_covered_display": "100", "missing_lines": 0, "excluded_lines": 0}, "missing_lines": [], "excluded_lines": []}, "": {"executed_lines": [1, 6, 7, 8, 9, 10, 11, 12, 13, 14, 15, 18, 19, 31, 44, 62, 69, 133, 147, 178, 205, 231, 261], "summary": {"covered_lines": 21, "num_statements": 21, "percent_covered": 100.0, "percent_covered_display": "100", "missing_lines": 0, "excluded_lines": 0}, "missing_lines": [], "excluded_lines": []}}, "classes": {"EventPublisher": {"executed_lines": [38, 39, 40, 41, 42, 46, 47, 48, 49, 50, 51, 52, 53, 56, 64, 65, 66, 67, 100, 101, 104, 119, 120, 122, 123, 128, 141, 142, 165, 194, 220, 247], "summary": {"covered_lines": 32, "num_statements": 33, "percent_covered": 96.96969696969697, "percent_covered_display": "97", "missing_lines": 1, "excluded_lines": 0}, "missing_lines": [145], "excluded_lines": []}, "": {"executed_lines": [1, 6, 7, 8, 9, 10, 11, 12, 13, 14, 15, 18, 19, 31, 44, 62, 69, 133, 147, 178, 205, 231, 261], "summary": {"covered_lines": 21, "num_statements": 21, "percent_covered": 100.0, "percent_covered_display": "100", "missing_lines": 0, "excluded_lines": 0}, "missing_lines": [], "excluded_lines": []}}}, "app/core/i18n.py": {"executed_lines": [], "summary": {"covered_lines": 0, "num_statements": 53, "percent_covered": 0.0, "percent_covered_display": "0", "missing_lines": 53, "excluded_lines": 0}, "missing_lines": [6, 7, 10, 13, 14, 16, 17, 33, 34, 35, 38, 41, 42, 43, 44, 46, 48, 49, 75, 76, 79, 80, 83, 84, 87, 88, 89, 91, 93, 94, 117, 118, 120, 121, 123, 124, 155, 157, 158, 160, 162, 169, 170, 175, 179, 269, 288, 289, 291, 292, 293, 295, 297], "excluded_lines": [], "functions": {"I18nHelper.get_locale_from_request": {"executed_lines": [], "summary": {"covered_lines": 0, "num_statements": 9, "percent_covered": 0.0, "percent_covered_display": "0", "missing_lines": 9, "excluded_lines": 0}, "missing_lines": [33, 34, 35, 38, 41, 42, 43, 44, 46], "excluded_lines": []}, "I18nHelper.get_i18n_value": {"executed_lines": [], "summary": {"covered_lines": 0, "num_statements": 10, "percent_covered": 0.0, "percent_covered_display": "0", "missing_lines": 10, "excluded_lines": 0}, "missing_lines": [75, 76, 79, 80, 83, 84, 87, 88, 89, 91], "excluded_lines": []}, "I18nHelper.set_i18n_value": {"executed_lines": [], "summary": {"covered_lines": 0, "num_statements": 4, "percent_covered": 0.0, "percent_covered_display": "0", "missing_lines": 4, "excluded_lines": 0}, "missing_lines": [117, 118, 120, 121], "excluded_lines": []}, "I18nHelper.localize_dict": {"executed_lines": [], "summary": {"covered_lines": 0, "num_statements": 8, "percent_covered": 0.0, "percent_covered_display": "0", "missing_lines": 8, "excluded_lines": 0}, "missing_lines": [155, 157, 158, 160, 162, 169, 170, 175], "excluded_lines": []}, "get_translation": {"executed_lines": [], "summary": {"covered_lines": 0, "num_statements": 7, "percent_covered": 0.0, "percent_covered_display": "0", "missing_lines": 7, "excluded_lines": 0}, "missing_lines": [288, 289, 291, 292, 293, 295, 297], "excluded_lines": []}, "": {"executed_lines": [], "summary": {"covered_lines": 0, "num_statements": 15, "percent_covered": 0.0, "percent_covered_display": "0", "missing_lines": 15, "excluded_lines": 0}, "missing_lines": [6, 7, 10, 13, 14, 16, 17, 48, 49, 93, 94, 123, 124, 179, 269], "excluded_lines": []}}, "classes": {"I18nHelper": {"executed_lines": [], "summary": {"covered_lines": 0, "num_statements": 31, "percent_covered": 0.0, "percent_covered_display": "0", "missing_lines": 31, "excluded_lines": 0}, "missing_lines": [33, 34, 35, 38, 41, 42, 43, 44, 46, 75, 76, 79, 80, 83, 84, 87, 88, 89, 91, 117, 118, 120, 121, 155, 157, 158, 160, 162, 169, 170, 175], "excluded_lines": []}, "": {"executed_lines": [], "summary": {"covered_lines": 0, "num_statements": 22, "percent_covered": 0.0, "percent_covered_display": "0", "missing_lines": 22, "excluded_lines": 0}, "missing_lines": [6, 7, 10, 13, 14, 16, 17, 48, 49, 93, 94, 123, 124, 179, 269, 288, 289, 291, 292, 293, 295, 297], "excluded_lines": []}}}, "app/core/security.py": {"executed_lines": [1, 2, 3, 4, 5, 6, 7, 8, 9, 10, 11, 13, 14, 16, 19, 22, 32, 43, 64], "summary": {"covered_lines": 19, "num_statements": 43, "percent_covered": 44.18604651162791, "percent_covered_display": "44", "missing_lines": 24, "excluded_lines": 0}, "missing_lines": [17, 20, 23, 24, 25, 27, 28, 29, 30, 33, 34, 35, 36, 37, 47, 48, 49, 50, 51, 56, 57, 58, 62, 66], "excluded_lines": [], "functions": {"verify_password": {"executed_lines": [], "summary": {"covered_lines": 0, "num_statements": 1, "percent_covered": 0.0, "percent_covered_display": "0", "missing_lines": 1, "excluded_lines": 0}, "missing_lines": [17], "excluded_lines": []}, "get_password_hash": {"executed_lines": [], "summary": {"covered_lines": 0, "num_statements": 1, "percent_covered": 0.0, "percent_covered_display": "0", "missing_lines": 1, "excluded_lines": 0}, "missing_lines": [20], "excluded_lines": []}, "create_access_token": {"executed_lines": [], "summary": {"covered_lines": 0, "num_statements": 7, "percent_covered": 0.0, "percent_covered_display": "0", "missing_lines": 7, "excluded_lines": 0}, "missing_lines": [23, 24, 25, 27, 28, 29, 30], "excluded_lines": []}, "decode_token": {"executed_lines": [], "summary": {"covered_lines": 0, "num_statements": 5, "percent_covered": 0.0, "percent_covered_display": "0", "missing_lines": 5, "excluded_lines": 0}, "missing_lines": [33, 34, 35, 36, 37], "excluded_lines": []}, "get_current_user": {"executed_lines": [], "summary": {"covered_lines": 0, "num_statements": 9, "percent_covered": 0.0, "percent_covered_display": "0", "missing_lines": 9, "excluded_lines": 0}, "missing_lines": [47, 48, 49, 50, 51, 56, 57, 58, 62], "excluded_lines": []}, "generate_id": {"executed_lines": [], "summary": {"covered_lines": 0, "num_statements": 1, "percent_covered": 0.0, "percent_covered_display": "0", "missing_lines": 1, "excluded_lines": 0}, "missing_lines": [66], "excluded_lines": []}, "": {"executed_lines": [1, 2, 3, 4, 5, 6, 7, 8, 9, 10, 11, 13, 14, 16, 19, 22, 32, 43, 64], "summary": {"covered_lines": 19, "num_statements": 19, "percent_covered": 100.0, "percent_covered_display": "100", "missing_lines": 0, "excluded_lines": 0}, "missing_lines": [], "excluded_lines": []}}, "classes": {"": {"executed_lines": [1, 2, 3, 4, 5, 6, 7, 8, 9, 10, 11, 13, 14, 16, 19, 22, 32, 43, 64], "summary": {"covered_lines": 19, "num_statements": 43, "percent_covered": 44.18604651162791, "percent_covered_display": "44", "missing_lines": 24, "excluded_lines": 0}, "missing_lines": [17, 20, 23, 24, 25, 27, 28, 29, 30, 33, 34, 35, 36, 37, 47, 48, 49, 50, 51, 56, 57, 58, 62, 66], "excluded_lines": []}}}, "app/core/security_v2.py": {"executed_lines": [1, 6, 7, 8, 9, 10, 11, 12, 14, 15, 16, 17, 21, 22, 25, 27, 30, 35, 40, 57, 70, 86, 147, 162], "summary": {"covered_lines": 23, "num_statements": 46, "percent_covered": 50.0, "percent_covered_display": "50", "missing_lines": 23, "excluded_lines": 0}, "missing_lines": [32, 37, 54, 67, 83, 110, 113, 114, 116, 117, 123, 124, 130, 131, 137, 138, 139, 144, 155, 156, 158, 159, 169], "excluded_lines": [], "functions": {"verify_password": {"executed_lines": [27], "summary": {"covered_lines": 1, "num_statements": 1, "percent_covered": 100.0, "percent_covered_display": "100", "missing_lines": 0, "excluded_lines": 0}, "missing_lines": [], "excluded_lines": []}, "get_password_hash": {"executed_lines": [], "summary": {"covered_lines": 0, "num_statements": 1, "percent_covered": 0.0, "percent_covered_display": "0", "missing_lines": 1, "excluded_lines": 0}, "missing_lines": [32], "excluded_lines": []}, "generate_id": {"executed_lines": [], "summary": {"covered_lines": 0, "num_statements": 1, "percent_covered": 0.0, "percent_covered_display": "0", "missing_lines": 1, "excluded_lines": 0}, "missing_lines": [37], "excluded_lines": []}, "create_access_token": {"executed_lines": [], "summary": {"covered_lines": 0, "num_statements": 1, "percent_covered": 0.0, "percent_covered_display": "0", "missing_lines": 1, "excluded_lines": 0}, "missing_lines": [54], "excluded_lines": []}, "create_refresh_token": {"executed_lines": [], "summary": {"covered_lines": 0, "num_statements": 1, "percent_covered": 0.0, "percent_covered_display": "0", "missing_lines": 1, "excluded_lines": 0}, "missing_lines": [67], "excluded_lines": []}, "decode_token": {"executed_lines": [], "summary": {"covered_lines": 0, "num_statements": 1, "percent_covered": 0.0, "percent_covered_display": "0", "missing_lines": 1, "excluded_lines": 0}, "missing_lines": [83], "excluded_lines": []}, "get_current_user": {"executed_lines": [], "summary": {"covered_lines": 0, "num_statements": 13, "percent_covered": 0.0, "percent_covered_display": "0", "missing_lines": 13, "excluded_lines": 0}, "missing_lines": [110, 113, 114, 116, 117, 123, 124, 130, 131, 137, 138, 139, 144], "excluded_lines": []}, "revoke_token": {"executed_lines": [], "summary": {"covered_lines": 0, "num_statements": 4, "percent_covered": 0.0, "percent_covered_display": "0", "missing_lines": 4, "excluded_lines": 0}, "missing_lines": [155, 156, 158, 159], "excluded_lines": []}, "revoke_all_user_tokens": {"executed_lines": [], "summary": {"covered_lines": 0, "num_statements": 1, "percent_covered": 0.0, "percent_covered_display": "0", "missing_lines": 1, "excluded_lines": 0}, "missing_lines": [169], "excluded_lines": []}, "": {"executed_lines": [1, 6, 7, 8, 9, 10, 11, 12, 14, 15, 16, 17, 21, 22, 25, 30, 35, 40, 57, 70, 86, 147, 162], "summary": {"covered_lines": 22, "num_statements": 22, "percent_covered": 100.0, "percent_covered_display": "100", "missing_lines": 0, "excluded_lines": 0}, "missing_lines": [], "excluded_lines": []}}, "classes": {"": {"executed_lines": [1, 6, 7, 8, 9, 10, 11, 12, 14, 15, 16, 17, 21, 22, 25, 27, 30, 35, 40, 57, 70, 86, 147, 162], "summary": {"covered_lines": 23, "num_statements": 46, "percent_covered": 50.0, "percent_covered_display": "50", "missing_lines": 23, "excluded_lines": 0}, "missing_lines": [32, 37, 54, 67, 83, 110, 113, 114, 116, 117, 123, 124, 130, 131, 137, 138, 139, 144, 155, 156, 158, 159, 169], "excluded_lines": []}}}, "app/core/token_revocation.py": {"executed_lines": [1, 6, 7, 8, 9, 12, 13, 23, 30, 31, 33, 35, 36, 42, 44, 45, 46, 48, 49, 57, 77, 90, 109, 122, 139, 151], "summary": {"covered_lines": 24, "num_statements": 41, "percent_covered": 58.53658536585366, "percent_covered_display": "59", "missing_lines": 17, "excluded_lines": 0}, "missing_lines": [51, 52, 55, 66, 67, 69, 71, 87, 88, 101, 103, 119, 120, 130, 131, 133, 147], "excluded_lines": [], "functions": {"TokenBlacklist.__init__": {"executed_lines": [30, 31], "summary": {"covered_lines": 2, "num_statements": 2, "percent_covered": 100.0, "percent_covered_display": "100", "missing_lines": 0, "excluded_lines": 0}, "missing_lines": [], "excluded_lines": []}, "TokenBlacklist.connect": {"executed_lines": [35, 36], "summary": {"covered_lines": 2, "num_statements": 2, "percent_covered": 100.0, "percent_covered_display": "100", "missing_lines": 0, "excluded_lines": 0}, "missing_lines": [], "excluded_lines": []}, "TokenBlacklist.disconnect": {"executed_lines": [44, 45, 46], "summary": {"covered_lines": 3, "num_statements": 3, "percent_covered": 100.0, "percent_covered_display": "100", "missing_lines": 0, "excluded_lines": 0}, "missing_lines": [], "excluded_lines": []}, "TokenBlacklist.redis": {"executed_lines": [], "summary": {"covered_lines": 0, "num_statements": 3, "percent_covered": 0.0, "percent_covered_display": "0", "missing_lines": 3, "excluded_lines": 0}, "missing_lines": [51, 52, 55], "excluded_lines": []}, "TokenBlacklist.revoke_token": {"executed_lines": [], "summary": {"covered_lines": 0, "num_statements": 4, "percent_covered": 0.0, "percent_covered_display": "0", "missing_lines": 4, "excluded_lines": 0}, "missing_lines": [66, 67, 69, 71], "excluded_lines": []}, "TokenBlacklist.is_revoked": {"executed_lines": [], "summary": {"covered_lines": 0, "num_statements": 2, "percent_covered": 0.0, "percent_covered_display": "0", "missing_lines": 2, "excluded_lines": 0}, "missing_lines": [87, 88], "excluded_lines": []}, "TokenBlacklist.revoke_all_user_tokens": {"executed_lines": [], "summary": {"covered_lines": 0, "num_statements": 2, "percent_covered": 0.0, "percent_covered_display": "0", "missing_lines": 2, "excluded_lines": 0}, "missing_lines": [101, 103], "excluded_lines": []}, "TokenBlacklist.is_user_revoked": {"executed_lines": [], "summary": {"covered_lines": 0, "num_statements": 2, "percent_covered": 0.0, "percent_covered_display": "0", "missing_lines": 2, "excluded_lines": 0}, "missing_lines": [119, 120], "excluded_lines": []}, "TokenBlacklist.get_revocation_stats": {"executed_lines": [], "summary": {"covered_lines": 0, "num_statements": 3, "percent_covered": 0.0, "percent_covered_display": "0", "missing_lines": 3, "excluded_lines": 0}, "missing_lines": [130, 131, 133], "excluded_lines": []}, "TokenBlacklist.clear_expired": {"executed_lines": [], "summary": {"covered_lines": 0, "num_statements": 1, "percent_covered": 0.0, "percent_covered_display": "0", "missing_lines": 1, "excluded_lines": 0}, "missing_lines": [147], "excluded_lines": []}, "": {"executed_lines": [1, 6, 7, 8, 9, 12, 13, 23, 33, 42, 48, 49, 57, 77, 90, 109, 122, 139, 151], "summary": {"covered_lines": 17, "num_statements": 17, "percent_covered": 100.0, "percent_covered_display": "100", "missing_lines": 0, "excluded_lines": 0}, "missing_lines": [], "excluded_lines": []}}, "classes": {"TokenBlacklist": {"executed_lines": [30, 31, 35, 36, 44, 45, 46], "summary": {"covered_lines": 7, "num_statements": 24, "percent_covered": 29.166666666666668, "percent_covered_display": "29", "missing_lines": 17, "excluded_lines": 0}, "missing_lines": [51, 52, 55, 66, 67, 69, 71, 87, 88, 101, 103, 119, 120, 130, 131, 133, 147], "excluded_lines": []}, "": {"executed_lines": [1, 6, 7, 8, 9, 12, 13, 23, 33, 42, 48, 49, 57, 77, 90, 109, 122, 139, 151], "summary": {"covered_lines": 17, "num_statements": 17, "percent_covered": 100.0, "percent_covered_display": "100", "missing_lines": 0, "excluded_lines": 0}, "missing_lines": [], "excluded_lines": []}}}, "app/main.py": {"executed_lines": [], "summary": {"covered_lines": 0, "num_statements": 30, "percent_covered": 0.0, "percent_covered_display": "0", "missing_lines": 30, "excluded_lines": 0}, "missing_lines": [1, 2, 3, 4, 5, 8, 10, 19, 28, 29, 30, 31, 32, 33, 34, 35, 36, 37, 38, 39, 40, 42, 43, 44, 50, 51, 52, 54, 55, 56], "excluded_lines": [], "functions": {"root": {"executed_lines": [], "summary": {"covered_lines": 0, "num_statements": 1, "percent_covered": 0.0, "percent_covered_display": "0", "missing_lines": 1, "excluded_lines": 0}, "missing_lines": [44], "excluded_lines": []}, "health_check": {"executed_lines": [], "summary": {"covered_lines": 0, "num_statements": 1, "percent_covered": 0.0, "percent_covered_display": "0", "missing_lines": 1, "excluded_lines": 0}, "missing_lines": [52], "excluded_lines": []}, "": {"executed_lines": [], "summary": {"covered_lines": 0, "num_statements": 28, "percent_covered": 0.0, "percent_covered_display": "0", "missing_lines": 28, "excluded_lines": 0}, "missing_lines": [1, 2, 3, 4, 5, 8, 10, 19, 28, 29, 30, 31, 32, 33, 34, 35, 36, 37, 38, 39, 40, 42, 43, 50, 51, 54, 55, 56], "excluded_lines": []}}, "classes": {"": {"executed_lines": [], "summary": {"covered_lines": 0, "num_statements": 30, "percent_covered": 0.0, "percent_covered_display": "0", "missing_lines": 30, "excluded_lines": 0}, "missing_lines": [1, 2, 3, 4, 5, 8, 10, 19, 28, 29, 30, 31, 32, 33, 34, 35, 36, 37, 38, 39, 40, 42, 43, 44, 50, 51, 52, 54, 55, 56], "excluded_lines": []}}}, "app/middleware/__init__.py": {"executed_lines": [], "summary": {"covered_lines": 0, "num_statements": 0, "percent_covered": 100.0, "percent_covered_display": "100", "missing_lines": 0, "excluded_lines": 0}, "missing_lines": [], "excluded_lines": [], "functions": {"": {"executed_lines": [], "summary": {"covered_lines": 0, "num_statements": 0, "percent_covered": 100.0, "percent_covered_display": "100", "missing_lines": 0, "excluded_lines": 0}, "missing_lines": [], "excluded_lines": []}}, "classes": {"": {"executed_lines": [], "summary": {"covered_lines": 0, "num_statements": 0, "percent_covered": 100.0, "percent_covered_display": "100", "missing_lines": 0, "excluded_lines": 0}, "missing_lines": [], "excluded_lines": []}}}, "app/middleware/i18n.py": {"executed_lines": [], "summary": {"covered_lines": 0, "num_statements": 10, "percent_covered": 0.0, "percent_covered_display": "0", "missing_lines": 10, "excluded_lines": 0}, "missing_lines": [5, 6, 7, 10, 17, 29, 32, 35, 36, 38], "excluded_lines": [], "functions": {"I18nMiddleware.dispatch": {"executed_lines": [], "summary": {"covered_lines": 0, "num_statements": 5, "percent_covered": 0.0, "percent_covered_display": "0", "missing_lines": 5, "excluded_lines": 0}, "missing_lines": [29, 32, 35, 36, 38], "excluded_lines": []}, "": {"executed_lines": [], "summary": {"covered_lines": 0, "num_statements": 5, "percent_covered": 0.0, "percent_covered_display": "0", "missing_lines": 5, "excluded_lines": 0}, "missing_lines": [5, 6, 7, 10, 17], "excluded_lines": []}}, "classes": {"I18nMiddleware": {"executed_lines": [], "summary": {"covered_lines": 0, "num_statements": 5, "percent_covered": 0.0, "percent_covered_display": "0", "missing_lines": 5, "excluded_lines": 0}, "missing_lines": [29, 32, 35, 36, 38], "excluded_lines": []}, "": {"executed_lines": [], "summary": {"covered_lines": 0, "num_statements": 5, "percent_covered": 0.0, "percent_covered_display": "0", "missing_lines": 5, "excluded_lines": 0}, "missing_lines": [5, 6, 7, 10, 17], "excluded_lines": []}}}, "app/models/__init__.py": {"executed_lines": [1, 2, 3, 4, 5, 7], "summary": {"covered_lines": 6, "num_statements": 6, "percent_covered": 100.0, "percent_covered_display": "100", "missing_lines": 0, "excluded_lines": 0}, "missing_lines": [], "excluded_lines": [], "functions": {"": {"executed_lines": [1, 2, 3, 4, 5, 7], "summary": {"covered_lines": 6, "num_statements": 6, "percent_covered": 100.0, "percent_covered_display": "100", "missing_lines": 0, "excluded_lines": 0}, "missing_lines": [], "excluded_lines": []}}, "classes": {"": {"executed_lines": [1, 2, 3, 4, 5, 7], "summary": {"covered_lines": 6, "num_statements": 6, "percent_covered": 100.0, "percent_covered_display": "100", "missing_lines": 0, "excluded_lines": 0}, "missing_lines": [], "excluded_lines": []}}}, "app/models/event.py": {"executed_lines": [1, 6, 7, 8, 9, 10, 13, 14, 37, 39, 40, 43, 44, 45, 46, 49, 50, 51, 54, 55, 58, 61, 62, 63, 64, 67, 68, 71, 72], "summary": {"covered_lines": 27, "num_statements": 27, "percent_covered": 100.0, "percent_covered_display": "100", "missing_lines": 0, "excluded_lines": 0}, "missing_lines": [], "excluded_lines": [], "functions": {"": {"executed_lines": [1, 6, 7, 8, 9, 10, 13, 14, 37, 39, 40, 43, 44, 45, 46, 49, 50, 51, 54, 55, 58, 61, 62, 63, 64, 67, 68, 71, 72], "summary": {"covered_lines": 27, "num_statements": 27, "percent_covered": 100.0, "percent_covered_display": "100", "missing_lines": 0, "excluded_lines": 0}, "missing_lines": [], "excluded_lines": []}}, "classes": {"Event": {"executed_lines": [], "summary": {"covered_lines": 0, "num_statements": 0, "percent_covered": 100.0, "percent_covered_display": "100", "missing_lines": 0, "excluded_lines": 0}, "missing_lines": [], "excluded_lines": []}, "": {"executed_lines": [1, 6, 7, 8, 9, 10, 13, 14, 37, 39, 40, 43, 44, 45, 46, 49, 50, 51, 54, 55, 58, 61, 62, 63, 64, 67, 68, 71, 72], "summary": {"covered_lines": 27, "num_statements": 27, "percent_covered": 100.0, "percent_covered_display": "100", "missing_lines": 0, "excluded_lines": 0}, "missing_lines": [], "excluded_lines": []}}}, "app/models/session.py": {"executed_lines": [1, 2, 3, 4, 6, 7, 9, 10, 11, 12, 13, 14, 15, 16, 17, 18, 19, 20, 21, 24], "summary": {"covered_lines": 20, "num_statements": 20, "percent_covered": 100.0, "percent_covered_display": "100", "missing_lines": 0, "excluded_lines": 0}, "missing_lines": [], "excluded_lines": [], "functions": {"": {"executed_lines": [1, 2, 3, 4, 6, 7, 9, 10, 11, 12, 13, 14, 15, 16, 17, 18, 19, 20, 21, 24], "summary": {"covered_lines": 20, "num_statements": 20, "percent_covered": 100.0, "percent_covered_display": "100", "missing_lines": 0, "excluded_lines": 0}, "missing_lines": [], "excluded_lines": []}}, "classes": {"Session": {"executed_lines": [], "summary": {"covered_lines": 0, "num_statements": 0, "percent_covered": 100.0, "percent_covered_display": "100", "missing_lines": 0, "excluded_lines": 0}, "missing_lines": [], "excluded_lines": []}, "": {"executed_lines": [1, 2, 3, 4, 6, 7, 9, 10, 11, 12, 13, 14, 15, 16, 17, 18, 19, 20, 21, 24], "summary": {"covered_lines": 20, "num_statements": 20, "percent_covered": 100.0, "percent_covered_display": "100", "missing_lines": 0, "excluded_lines": 0}, "missing_lines": [], "excluded_lines": []}}}, "app/models/task.py": {"executed_lines": [1, 2, 3, 4, 5, 6, 8, 9, 10, 11, 12, 14, 15, 16, 17, 19, 20, 22, 23, 24, 25, 26, 27, 28, 29, 30, 31, 32, 33, 34, 35, 36, 37, 38, 39, 40, 43, 44, 45, 46, 47, 49, 50, 52, 53, 54, 55, 56, 57, 58, 59, 62, 63, 64], "summary": {"covered_lines": 54, "num_statements": 54, "percent_covered": 100.0, "percent_covered_display": "100", "missing_lines": 0, "excluded_lines": 0}, "missing_lines": [], "excluded_lines": [], "functions": {"": {"executed_lines": [1, 2, 3, 4, 5, 6, 8, 9, 10, 11, 12, 14, 15, 16, 17, 19, 20, 22, 23, 24, 25, 26, 27, 28, 29, 30, 31, 32, 33, 34, 35, 36, 37, 38, 39, 40, 43, 44, 45, 46, 47, 49, 50, 52, 53, 54, 55, 56, 57, 58, 59, 62, 63, 64], "summary": {"covered_lines": 54, "num_statements": 54, "percent_covered": 100.0, "percent_covered_display": "100", "missing_lines": 0, "excluded_lines": 0}, "missing_lines": [], "excluded_lines": []}}, "classes": {"TaskStatus": {"executed_lines": [], "summary": {"covered_lines": 0, "num_statements": 0, "percent_covered": 100.0, "percent_covered_display": "100", "missing_lines": 0, "excluded_lines": 0}, "missing_lines": [], "excluded_lines": []}, "EnergyLevel": {"executed_lines": [], "summary": {"covered_lines": 0, "num_statements": 0, "percent_covered": 100.0, "percent_covered_display": "100", "missing_lines": 0, "excluded_lines": 0}, "missing_lines": [], "excluded_lines": []}, "Task": {"executed_lines": [], "summary": {"covered_lines": 0, "num_statements": 0, "percent_covered": 100.0, "percent_covered_display": "100", "missing_lines": 0, "excluded_lines": 0}, "missing_lines": [], "excluded_lines": []}, "Project": {"executed_lines": [], "summary": {"covered_lines": 0, "num_statements": 0, "percent_covered": 100.0, "percent_covered_display": "100", "missing_lines": 0, "excluded_lines": 0}, "missing_lines": [], "excluded_lines": []}, "": {"executed_lines": [1, 2, 3, 4, 5, 6, 8, 9, 10, 11, 12, 14, 15, 16, 17, 19, 20, 22, 23, 24, 25, 26, 27, 28, 29, 30, 31, 32, 33, 34, 35, 36, 37, 38, 39, 40, 43, 44, 45, 46, 47, 49, 50, 52, 53, 54, 55, 56, 57, 58, 59, 62, 63, 64], "summary": {"covered_lines": 54, "num_statements": 54, "percent_covered": 100.0, "percent_covered_display": "100", "missing_lines": 0, "excluded_lines": 0}, "missing_lines": [], "excluded_lines": []}}}, "app/models/time_entry.py": {"executed_lines": [1, 6, 7, 8, 9, 10, 13, 14, 33, 35, 36, 37, 38, 41, 42, 43, 46, 47, 50, 51, 54, 57, 58, 61, 62, 63], "summary": {"covered_lines": 24, "num_statements": 24, "percent_covered": 100.0, "percent_covered_display": "100", "missing_lines": 0, "excluded_lines": 0}, "missing_lines": [], "excluded_lines": [], "functions": {"": {"executed_lines": [1, 6, 7, 8, 9, 10, 13, 14, 33, 35, 36, 37, 38, 41, 42, 43, 46, 47, 50, 51, 54, 57, 58, 61, 62, 63], "summary": {"covered_lines": 24, "num_statements": 24, "percent_covered": 100.0, "percent_covered_display": "100", "missing_lines": 0, "excluded_lines": 0}, "missing_lines": [], "excluded_lines": []}}, "classes": {"TimeEntry": {"executed_lines": [], "summary": {"covered_lines": 0, "num_statements": 0, "percent_covered": 100.0, "percent_covered_display": "100", "missing_lines": 0, "excluded_lines": 0}, "missing_lines": [], "excluded_lines": []}, "": {"executed_lines": [1, 6, 7, 8, 9, 10, 13, 14, 33, 35, 36, 37, 38, 41, 42, 43, 46, 47, 50, 51, 54, 57, 58, 61, 62, 63], "summary": {"covered_lines": 24, "num_statements": 24, "percent_covered": 100.0, "percent_covered_display": "100", "missing_lines": 0, "excluded_lines": 0}, "missing_lines": [], "excluded_lines": []}}}, "app/models/user.py": {"executed_lines": [1, 2, 3, 4, 5, 7, 8, 9, 10, 12, 13, 14, 15, 17, 18, 20, 21, 22, 23, 24, 25, 26, 27, 28, 29, 30, 31, 32, 33, 34, 37, 38, 39, 40, 41], "summary": {"covered_lines": 35, "num_statements": 35, "percent_covered": 100.0, "percent_covered_display": "100", "missing_lines": 0, "excluded_lines": 0}, "missing_lines": [], "excluded_lines": [], "functions": {"": {"executed_lines": [1, 2, 3, 4, 5, 7, 8, 9, 10, 12, 13, 14, 15, 17, 18, 20, 21, 22, 23, 24, 25, 26, 27, 28, 29, 30, 31, 32, 33, 34, 37, 38, 39, 40, 41], "summary": {"covered_lines": 35, "num_statements": 35, "percent_covered": 100.0, "percent_covered_display": "100", "missing_lines": 0, "excluded_lines": 0}, "missing_lines": [], "excluded_lines": []}}, "classes": {"Role": {"executed_lines": [], "summary": {"covered_lines": 0, "num_statements": 0, "percent_covered": 100.0, "percent_covered_display": "100", "missing_lines": 0, "excluded_lines": 0}, "missing_lines": [], "excluded_lines": []}, "UserStatus": {"executed_lines": [], "summary": {"covered_lines": 0, "num_statements": 0, "percent_covered": 100.0, "percent_covered_display": "100", "missing_lines": 0, "excluded_lines": 0}, "missing_lines": [], "excluded_lines": []}, "User": {"executed_lines": [], "summary": {"covered_lines": 0, "num_statements": 0, "percent_covered": 100.0, "percent_covered_display": "100", "missing_lines": 0, "excluded_lines": 0}, "missing_lines": [], "excluded_lines": []}, "": {"executed_lines": [1, 2, 3, 4, 5, 7, 8, 9, 10, 12, 13, 14, 15, 17, 18, 20, 21, 22, 23, 24, 25, 26, 27, 28, 29, 30, 31, 32, 33, 34, 37, 38, 39, 40, 41], "summary": {"covered_lines": 35, "num_statements": 35, "percent_covered": 100.0, "percent_covered_display": "100", "missing_lines": 0, "excluded_lines": 0}, "missing_lines": [], "excluded_lines": []}}}, "app/module.py": {"executed_lines": [1, 6, 7, 8, 10, 11, 12, 13, 14, 31, 32, 40, 52, 53, 54, 55, 56, 58, 60, 69, 70, 74, 75, 84, 85, 88, 91, 92, 95, 96, 97, 98, 99, 100, 101, 102, 103, 105, 107, 110, 113, 116, 117, 118, 119, 120, 121, 122, 123, 124, 125, 126, 129, 130, 133, 134, 142, 143, 149, 150, 158, 169, 171, 172, 174, 175, 181, 182, 183, 185, 187, 200, 206, 213, 215, 227, 229, 231, 232, 234, 236, 238, 241, 243, 246, 250, 257, 258, 262, 273, 276], "summary": {"covered_lines": 89, "num_statements": 105, "percent_covered": 84.76190476190476, "percent_covered_display": "85", "missing_lines": 16, "excluded_lines": 0}, "missing_lines": [71, 135, 144, 151, 190, 193, 195, 196, 197, 198, 202, 203, 204, 269, 277, 278], "excluded_lines": [], "functions": {"PlanningModule.__init__": {"executed_lines": [52, 53, 54, 55, 56], "summary": {"covered_lines": 5, "num_statements": 5, "percent_covered": 100.0, "percent_covered_display": "100", "missing_lines": 0, "excluded_lines": 0}, "missing_lines": [], "excluded_lines": []}, "PlanningModule._create_app": {"executed_lines": [60, 69, 70, 74, 75, 84, 85, 88, 91, 92, 95, 96, 105], "summary": {"covered_lines": 13, "num_statements": 14, "percent_covered": 92.85714285714286, "percent_covered_display": "93", "missing_lines": 1, "excluded_lines": 0}, "missing_lines": [71], "excluded_lines": []}, "PlanningModule._create_app._error_logging_middleware": {"executed_lines": [97, 98, 99, 100, 101, 102, 103], "summary": {"covered_lines": 7, "num_statements": 7, "percent_covered": 100.0, "percent_covered_display": "100", "missing_lines": 0, "excluded_lines": 0}, "missing_lines": [], "excluded_lines": []}, "PlanningModule._register_routers": {"executed_lines": [110, 113, 116, 117, 118, 119, 120, 121, 122, 123, 124, 125, 126, 129, 130, 133, 134, 142, 143, 149, 150], "summary": {"covered_lines": 21, "num_statements": 21, "percent_covered": 100.0, "percent_covered_display": "100", "missing_lines": 0, "excluded_lines": 0}, "missing_lines": [], "excluded_lines": []}, "PlanningModule._register_routers.root": {"executed_lines": [], "summary": {"covered_lines": 0, "num_statements": 1, "percent_covered": 0.0, "percent_covered_display": "0", "missing_lines": 1, "excluded_lines": 0}, "missing_lines": [135], "excluded_lines": []}, "PlanningModule._register_routers.health_check": {"executed_lines": [], "summary": {"covered_lines": 0, "num_statements": 1, "percent_covered": 0.0, "percent_covered_display": "0", "missing_lines": 1, "excluded_lines": 0}, "missing_lines": [144], "excluded_lines": []}, "PlanningModule._register_routers.module_metrics": {"executed_lines": [], "summary": {"covered_lines": 0, "num_statements": 1, "percent_covered": 0.0, "percent_covered_display": "0", "missing_lines": 1, "excluded_lines": 0}, "missing_lines": [151], "excluded_lines": []}, "PlanningModule._platform_auth_middleware": {"executed_lines": [169, 171, 172, 174, 175, 181, 182, 183, 185], "summary": {"covered_lines": 9, "num_statements": 9, "percent_covered": 100.0, "percent_covered_display": "100", "missing_lines": 0, "excluded_lines": 0}, "missing_lines": [], "excluded_lines": []}, "PlanningModule._on_startup": {"executed_lines": [], "summary": {"covered_lines": 0, "num_statements": 6, "percent_covered": 0.0, "percent_covered_display": "0", "missing_lines": 6, "excluded_lines": 0}, "missing_lines": [190, 193, 195, 196, 197, 198], "excluded_lines": []}, "PlanningModule._on_shutdown": {"executed_lines": [], "summary": {"covered_lines": 0, "num_statements": 3, "percent_covered": 0.0, "percent_covered_display": "0", "missing_lines": 3, "excluded_lines": 0}, "missing_lines": [202, 203, 204], "excluded_lines": []}, "PlanningModule.get_app": {"executed_lines": [213], "summary": {"covered_lines": 1, "num_statements": 1, "percent_covered": 100.0, "percent_covered_display": "100", "missing_lines": 0, "excluded_lines": 0}, "missing_lines": [], "excluded_lines": []}, "PlanningModule.handle_event": {"executed_lines": [227, 229, 231, 232, 234, 236], "summary": {"covered_lines": 6, "num_statements": 6, "percent_covered": 100.0, "percent_covered_display": "100", "missing_lines": 0, "excluded_lines": 0}, "missing_lines": [], "excluded_lines": []}, "PlanningModule._create_followup_task": {"executed_lines": [241], "summary": {"covered_lines": 1, "num_statements": 1, "percent_covered": 100.0, "percent_covered_display": "100", "missing_lines": 0, "excluded_lines": 0}, "missing_lines": [], "excluded_lines": []}, "PlanningModule._create_tasks_from_workflow": {"executed_lines": [246], "summary": {"covered_lines": 1, "num_statements": 1, "percent_covered": 100.0, "percent_covered_display": "100", "missing_lines": 0, "excluded_lines": 0}, "missing_lines": [], "excluded_lines": []}, "create_standalone_app": {"executed_lines": [257, 258], "summary": {"covered_lines": 2, "num_statements": 2, "percent_covered": 100.0, "percent_covered_display": "100", "missing_lines": 0, "excluded_lines": 0}, "missing_lines": [], "excluded_lines": []}, "create_platform_module": {"executed_lines": [], "summary": {"covered_lines": 0, "num_statements": 1, "percent_covered": 0.0, "percent_covered_display": "0", "missing_lines": 1, "excluded_lines": 0}, "missing_lines": [269], "excluded_lines": []}, "": {"executed_lines": [1, 6, 7, 8, 10, 11, 12, 13, 14, 31, 32, 40, 58, 107, 158, 187, 200, 206, 215, 238, 243, 250, 262, 273, 276], "summary": {"covered_lines": 23, "num_statements": 25, "percent_covered": 92.0, "percent_covered_display": "92", "missing_lines": 2, "excluded_lines": 0}, "missing_lines": [277, 278], "excluded_lines": []}}, "classes": {"PlanningModule": {"executed_lines": [52, 53, 54, 55, 56, 60, 69, 70, 74, 75, 84, 85, 88, 91, 92, 95, 96, 97, 98, 99, 100, 101, 102, 103, 105, 110, 113, 116, 117, 118, 119, 120, 121, 122, 123, 124, 125, 126, 129, 130, 133, 134, 142, 143, 149, 150, 169, 171, 172, 174, 175, 181, 182, 183, 185, 213, 227, 229, 231, 232, 234, 236, 241, 246], "summary": {"covered_lines": 64, "num_statements": 77, "percent_covered": 83.11688311688312, "percent_covered_display": "83", "missing_lines": 13, "excluded_lines": 0}, "missing_lines": [71, 135, 144, 151, 190, 193, 195, 196, 197, 198, 202, 203, 204], "excluded_lines": []}, "": {"executed_lines": [1, 6, 7, 8, 10, 11, 12, 13, 14, 31, 32, 40, 58, 107, 158, 187, 200, 206, 215, 238, 243, 250, 257, 258, 262, 273, 276], "summary": {"covered_lines": 25, "num_statements": 28, "percent_covered": 89.28571428571429, "percent_covered_display": "89", "missing_lines": 3, "excluded_lines": 0}, "missing_lines": [269, 277, 278], "excluded_lines": []}}}, "app/routers/__init__.py": {"executed_lines": [1, 3], "summary": {"covered_lines": 2, "num_statements": 2, "percent_covered": 100.0, "percent_covered_display": "100", "missing_lines": 0, "excluded_lines": 0}, "missing_lines": [], "excluded_lines": [], "functions": {"": {"executed_lines": [1, 3], "summary": {"covered_lines": 2, "num_statements": 2, "percent_covered": 100.0, "percent_covered_display": "100", "missing_lines": 0, "excluded_lines": 0}, "missing_lines": [], "excluded_lines": []}}, "classes": {"": {"executed_lines": [1, 3], "summary": {"covered_lines": 2, "num_statements": 2, "percent_covered": 100.0, "percent_covered_display": "100", "missing_lines": 0, "excluded_lines": 0}, "missing_lines": [], "excluded_lines": []}}}, "app/routers/ai.py": {"executed_lines": [1, 2, 3, 4, 5, 6, 7, 8, 9, 10, 11, 23, 24, 25, 27, 30, 31, 34, 41, 47, 48, 87, 88, 134, 135, 195, 196, 262, 263, 337, 338, 370, 371, 447, 448, 503, 504, 540, 541, 566, 567, 580, 581, 605, 606], "summary": {"covered_lines": 45, "num_statements": 169, "percent_covered": 26.62721893491124, "percent_covered_display": "27", "missing_lines": 124, "excluded_lines": 0}, "missing_lines": [36, 37, 38, 43, 44, 45, 52, 53, 55, 56, 58, 64, 71, 72, 74, 80, 84, 85, 92, 93, 108, 114, 116, 121, 123, 140, 141, 162, 169, 170, 171, 172, 173, 176, 184, 186, 202, 207, 208, 210, 211, 237, 243, 246, 247, 248, 250, 251, 253, 268, 269, 296, 297, 302, 304, 309, 311, 317, 319, 343, 344, 349, 350, 355, 361, 367, 368, 378, 379, 380, 381, 383, 385, 390, 401, 402, 421, 427, 429, 433, 435, 455, 459, 464, 465, 484, 490, 492, 496, 498, 508, 509, 523, 529, 531, 532, 534, 548, 549, 551, 558, 559, 561, 562, 564, 572, 573, 575, 587, 588, 590, 597, 598, 600, 601, 603, 612, 613, 616, 617, 619, 620, 623, 625], "excluded_lines": [], "functions": {"get_anthropic_client": {"executed_lines": [], "summary": {"covered_lines": 0, "num_statements": 3, "percent_covered": 0.0, "percent_covered_display": "0", "missing_lines": 3, "excluded_lines": 0}, "missing_lines": [36, 37, 38], "excluded_lines": []}, "get_openai_client": {"executed_lines": [], "summary": {"covered_lines": 0, "num_statements": 3, "percent_covered": 0.0, "percent_covered_display": "0", "missing_lines": 3, "excluded_lines": 0}, "missing_lines": [43, 44, 45], "excluded_lines": []}, "chat_with_ai": {"executed_lines": [], "summary": {"covered_lines": 0, "num_statements": 12, "percent_covered": 0.0, "percent_covered_display": "0", "missing_lines": 12, "excluded_lines": 0}, "missing_lines": [52, 53, 55, 56, 58, 64, 71, 72, 74, 80, 84, 85], "excluded_lines": []}, "parse_natural_language_task": {"executed_lines": [], "summary": {"covered_lines": 0, "num_statements": 7, "percent_covered": 0.0, "percent_covered_display": "0", "missing_lines": 7, "excluded_lines": 0}, "missing_lines": [92, 93, 108, 114, 116, 121, 123], "excluded_lines": []}, "enhance_input": {"executed_lines": [], "summary": {"covered_lines": 0, "num_statements": 11, "percent_covered": 0.0, "percent_covered_display": "0", "missing_lines": 11, "excluded_lines": 0}, "missing_lines": [140, 141, 162, 169, 170, 171, 172, 173, 176, 184, 186], "excluded_lines": []}, "analyze_task": {"executed_lines": [], "summary": {"covered_lines": 0, "num_statements": 13, "percent_covered": 0.0, "percent_covered_display": "0", "missing_lines": 13, "excluded_lines": 0}, "missing_lines": [202, 207, 208, 210, 211, 237, 243, 246, 247, 248, 250, 251, 253], "excluded_lines": []}, "orchestrate_task": {"executed_lines": [], "summary": {"covered_lines": 0, "num_statements": 10, "percent_covered": 0.0, "percent_covered_display": "0", "missing_lines": 10, "excluded_lines": 0}, "missing_lines": [268, 269, 296, 297, 302, 304, 309, 311, 317, 319], "excluded_lines": []}, "high_reasoning": {"executed_lines": [], "summary": {"covered_lines": 0, "num_statements": 8, "percent_covered": 0.0, "percent_covered_display": "0", "missing_lines": 8, "excluded_lines": 0}, "missing_lines": [343, 344, 349, 350, 355, 361, 367, 368], "excluded_lines": []}, "generate_insights": {"executed_lines": [], "summary": {"covered_lines": 0, "num_statements": 14, "percent_covered": 0.0, "percent_covered_display": "0", "missing_lines": 14, "excluded_lines": 0}, "missing_lines": [378, 379, 380, 381, 383, 385, 390, 401, 402, 421, 427, 429, 433, 435], "excluded_lines": []}, "get_task_recommendations": {"executed_lines": [], "summary": {"covered_lines": 0, "num_statements": 9, "percent_covered": 0.0, "percent_covered_display": "0", "missing_lines": 9, "excluded_lines": 0}, "missing_lines": [455, 459, 464, 465, 484, 490, 492, 496, 498], "excluded_lines": []}, "analyze_cognitive_state": {"executed_lines": [], "summary": {"covered_lines": 0, "num_statements": 7, "percent_covered": 0.0, "percent_covered_display": "0", "missing_lines": 7, "excluded_lines": 0}, "missing_lines": [508, 509, 523, 529, 531, 532, 534], "excluded_lines": []}, "save_note": {"executed_lines": [], "summary": {"covered_lines": 0, "num_statements": 8, "percent_covered": 0.0, "percent_covered_display": "0", "missing_lines": 8, "excluded_lines": 0}, "missing_lines": [548, 549, 551, 558, 559, 561, 562, 564], "excluded_lines": []}, "get_notes": {"executed_lines": [], "summary": {"covered_lines": 0, "num_statements": 3, "percent_covered": 0.0, "percent_covered_display": "0", "missing_lines": 3, "excluded_lines": 0}, "missing_lines": [572, 573, 575], "excluded_lines": []}, "save_memory": {"executed_lines": [], "summary": {"covered_lines": 0, "num_statements": 8, "percent_covered": 0.0, "percent_covered_display": "0", "missing_lines": 8, "excluded_lines": 0}, "missing_lines": [587, 588, 590, 597, 598, 600, 601, 603], "excluded_lines": []}, "recall_memories": {"executed_lines": [], "summary": {"covered_lines": 0, "num_statements": 8, "percent_covered": 0.0, "percent_covered_display": "0", "missing_lines": 8, "excluded_lines": 0}, "missing_lines": [612, 613, 616, 617, 619, 620, 623, 625], "excluded_lines": []}, "": {"executed_lines": [1, 2, 3, 4, 5, 6, 7, 8, 9, 10, 11, 23, 24, 25, 27, 30, 31, 34, 41, 47, 48, 87, 88, 134, 135, 195, 196, 262, 263, 337, 338, 370, 371, 447, 448, 503, 504, 540, 541, 566, 567, 580, 581, 605, 606], "summary": {"covered_lines": 45, "num_statements": 45, "percent_covered": 100.0, "percent_covered_display": "100", "missing_lines": 0, "excluded_lines": 0}, "missing_lines": [], "excluded_lines": []}}, "classes": {"": {"executed_lines": [1, 2, 3, 4, 5, 6, 7, 8, 9, 10, 11, 23, 24, 25, 27, 30, 31, 34, 41, 47, 48, 87, 88, 134, 135, 195, 196, 262, 263, 337, 338, 370, 371, 447, 448, 503, 504, 540, 541, 566, 567, 580, 581, 605, 606], "summary": {"covered_lines": 45, "num_statements": 169, "percent_covered": 26.62721893491124, "percent_covered_display": "27", "missing_lines": 124, "excluded_lines": 0}, "missing_lines": [36, 37, 38, 43, 44, 45, 52, 53, 55, 56, 58, 64, 71, 72, 74, 80, 84, 85, 92, 93, 108, 114, 116, 121, 123, 140, 141, 162, 169, 170, 171, 172, 173, 176, 184, 186, 202, 207, 208, 210, 211, 237, 243, 246, 247, 248, 250, 251, 253, 268, 269, 296, 297, 302, 304, 309, 311, 317, 319, 343, 344, 349, 350, 355, 361, 367, 368, 378, 379, 380, 381, 383, 385, 390, 401, 402, 421, 427, 429, 433, 435, 455, 459, 464, 465, 484, 490, 492, 496, 498, 508, 509, 523, 529, 531, 532, 534, 548, 549, 551, 558, 559, 561, 562, 564, 572, 573, 575, 587, 588, 590, 597, 598, 600, 601, 603, 612, 613, 616, 617, 619, 620, 623, 625], "excluded_lines": []}}}, "app/routers/ai_scheduler.py": {"executed_lines": [1, 5, 6, 7, 8, 10, 11, 12, 13, 14, 16, 19, 20, 83, 84, 131, 132, 152, 153, 179, 180, 241, 254], "summary": {"covered_lines": 22, "num_statements": 70, "percent_covered": 31.428571428571427, "percent_covered_display": "31", "missing_lines": 48, "excluded_lines": 0}, "missing_lines": [35, 38, 39, 42, 44, 46, 47, 53, 60, 61, 62, 63, 76, 100, 105, 106, 112, 113, 114, 115, 116, 117, 120, 128, 144, 149, 166, 172, 194, 200, 203, 206, 209, 212, 213, 216, 217, 218, 221, 223, 225, 243, 244, 245, 246, 247, 248, 250], "excluded_lines": [], "functions": {"prioritize_tasks": {"executed_lines": [], "summary": {"covered_lines": 0, "num_statements": 13, "percent_covered": 0.0, "percent_covered_display": "0", "missing_lines": 13, "excluded_lines": 0}, "missing_lines": [35, 38, 39, 42, 44, 46, 47, 53, 60, 61, 62, 63, 76], "excluded_lines": []}, "suggest_schedule": {"executed_lines": [], "summary": {"covered_lines": 0, "num_statements": 11, "percent_covered": 0.0, "percent_covered_display": "0", "missing_lines": 11, "excluded_lines": 0}, "missing_lines": [100, 105, 106, 112, 113, 114, 115, 116, 117, 120, 128], "excluded_lines": []}, "get_focus_recommendations": {"executed_lines": [], "summary": {"covered_lines": 0, "num_statements": 2, "percent_covered": 0.0, "percent_covered_display": "0", "missing_lines": 2, "excluded_lines": 0}, "missing_lines": [144, 149], "excluded_lines": []}, "detect_distractions": {"executed_lines": [], "summary": {"covered_lines": 0, "num_statements": 2, "percent_covered": 0.0, "percent_covered_display": "0", "missing_lines": 2, "excluded_lines": 0}, "missing_lines": [166, 172], "excluded_lines": []}, "get_productivity_insights": {"executed_lines": [], "summary": {"covered_lines": 0, "num_statements": 13, "percent_covered": 0.0, "percent_covered_display": "0", "missing_lines": 13, "excluded_lines": 0}, "missing_lines": [194, 200, 203, 206, 209, 212, 213, 216, 217, 218, 221, 223, 225], "excluded_lines": []}, "_get_productivity_summary": {"executed_lines": [], "summary": {"covered_lines": 0, "num_statements": 7, "percent_covered": 0.0, "percent_covered_display": "0", "missing_lines": 7, "excluded_lines": 0}, "missing_lines": [243, 244, 245, 246, 247, 248, 250], "excluded_lines": []}, "": {"executed_lines": [1, 5, 6, 7, 8, 10, 11, 12, 13, 14, 16, 19, 20, 83, 84, 131, 132, 152, 153, 179, 180, 241, 254], "summary": {"covered_lines": 22, "num_statements": 22, "percent_covered": 100.0, "percent_covered_display": "100", "missing_lines": 0, "excluded_lines": 0}, "missing_lines": [], "excluded_lines": []}}, "classes": {"": {"executed_lines": [1, 5, 6, 7, 8, 10, 11, 12, 13, 14, 16, 19, 20, 83, 84, 131, 132, 152, 153, 179, 180, 241, 254], "summary": {"covered_lines": 22, "num_statements": 70, "percent_covered": 31.428571428571427, "percent_covered_display": "31", "missing_lines": 48, "excluded_lines": 0}, "missing_lines": [35, 38, 39, 42, 44, 46, 47, 53, 60, 61, 62, 63, 76, 100, 105, 106, 112, 113, 114, 115, 116, 117, 120, 128, 144, 149, 166, 172, 194, 200, 203, 206, 209, 212, 213, 216, 217, 218, 221, 223, 225, 243, 244, 245, 246, 247, 248, 250], "excluded_lines": []}}}, "app/routers/assistant.py": {"executed_lines": [1, 3, 4, 5, 7, 8, 10, 11, 12, 13, 27, 29, 32, 35, 41, 54, 61, 65, 66, 70, 71, 103, 104, 142, 143, 173, 174, 192, 193], "summary": {"covered_lines": 29, "num_statements": 71, "percent_covered": 40.84507042253521, "percent_covered_display": "41", "missing_lines": 42, "excluded_lines": 8}, "missing_lines": [37, 38, 39, 62, 67, 75, 77, 78, 80, 81, 90, 92, 108, 109, 110, 112, 113, 122, 124, 130, 132, 147, 149, 150, 160, 161, 162, 164, 175, 176, 177, 178, 180, 182, 197, 198, 199, 200, 201, 203, 205, 211], "excluded_lines": [87, 88, 119, 120, 157, 158, 219, 220], "functions": {"get_anthropic_client": {"executed_lines": [], "summary": {"covered_lines": 0, "num_statements": 3, "percent_covered": 0.0, "percent_covered_display": "0", "missing_lines": 3, "excluded_lines": 0}, "missing_lines": [37, 38, 39], "excluded_lines": []}, "_map_provider": {"executed_lines": [], "summary": {"covered_lines": 0, "num_statements": 1, "percent_covered": 0.0, "percent_covered_display": "0", "missing_lines": 1, "excluded_lines": 0}, "missing_lines": [62], "excluded_lines": []}, "get_voice_providers": {"executed_lines": [], "summary": {"covered_lines": 0, "num_statements": 1, "percent_covered": 0.0, "percent_covered_display": "0", "missing_lines": 1, "excluded_lines": 0}, "missing_lines": [67], "excluded_lines": []}, "init_voice_session": {"executed_lines": [], "summary": {"covered_lines": 0, "num_statements": 7, "percent_covered": 0.0, "percent_covered_display": "0", "missing_lines": 7, "excluded_lines": 2}, "missing_lines": [75, 77, 78, 80, 81, 90, 92], "excluded_lines": [87, 88]}, "process_voice_input": {"executed_lines": [], "summary": {"covered_lines": 0, "num_statements": 9, "percent_covered": 0.0, "percent_covered_display": "0", "missing_lines": 9, "excluded_lines": 2}, "missing_lines": [108, 109, 110, 112, 113, 122, 124, 130, 132], "excluded_lines": [119, 120]}, "synthesize_speech": {"executed_lines": [], "summary": {"covered_lines": 0, "num_statements": 7, "percent_covered": 0.0, "percent_covered_display": "0", "missing_lines": 7, "excluded_lines": 2}, "missing_lines": [147, 149, 150, 160, 161, 162, 164], "excluded_lines": [157, 158]}, "get_voice_session_status": {"executed_lines": [], "summary": {"covered_lines": 0, "num_statements": 6, "percent_covered": 0.0, "percent_covered_display": "0", "missing_lines": 6, "excluded_lines": 0}, "missing_lines": [175, 176, 177, 178, 180, 182], "excluded_lines": []}, "chat_with_assistant": {"executed_lines": [], "summary": {"covered_lines": 0, "num_statements": 8, "percent_covered": 0.0, "percent_covered_display": "0", "missing_lines": 8, "excluded_lines": 2}, "missing_lines": [197, 198, 199, 200, 201, 203, 205, 211], "excluded_lines": [219, 220]}, "": {"executed_lines": [1, 3, 4, 5, 7, 8, 10, 11, 12, 13, 27, 29, 32, 35, 41, 54, 61, 65, 66, 70, 71, 103, 104, 142, 143, 173, 174, 192, 193], "summary": {"covered_lines": 29, "num_statements": 29, "percent_covered": 100.0, "percent_covered_display": "100", "missing_lines": 0, "excluded_lines": 0}, "missing_lines": [], "excluded_lines": []}}, "classes": {"": {"executed_lines": [1, 3, 4, 5, 7, 8, 10, 11, 12, 13, 27, 29, 32, 35, 41, 54, 61, 65, 66, 70, 71, 103, 104, 142, 143, 173, 174, 192, 193], "summary": {"covered_lines": 29, "num_statements": 71, "percent_covered": 40.84507042253521, "percent_covered_display": "41", "missing_lines": 42, "excluded_lines": 8}, "missing_lines": [37, 38, 39, 62, 67, 75, 77, 78, 80, 81, 90, 92, 108, 109, 110, 112, 113, 122, 124, 130, 132, 147, 149, 150, 160, 161, 162, 164, 175, 176, 177, 178, 180, 182, 197, 198, 199, 200, 201, 203, 205, 211], "excluded_lines": [87, 88, 119, 120, 157, 158, 219, 220]}}}, "app/routers/auth.py": {"executed_lines": [1, 2, 3, 4, 11, 12, 14, 16, 17, 48, 49, 70, 71, 74, 75], "summary": {"covered_lines": 15, "num_statements": 33, "percent_covered": 45.45454545454545, "percent_covered_display": "45", "missing_lines": 18, "excluded_lines": 0}, "missing_lines": [19, 20, 21, 27, 36, 37, 38, 41, 43, 50, 51, 52, 57, 58, 63, 65, 72, 77], "excluded_lines": [], "functions": {"register": {"executed_lines": [], "summary": {"covered_lines": 0, "num_statements": 9, "percent_covered": 0.0, "percent_covered_display": "0", "missing_lines": 9, "excluded_lines": 0}, "missing_lines": [19, 20, 21, 27, 36, 37, 38, 41, 43], "excluded_lines": []}, "login": {"executed_lines": [], "summary": {"covered_lines": 0, "num_statements": 7, "percent_covered": 0.0, "percent_covered_display": "0", "missing_lines": 7, "excluded_lines": 0}, "missing_lines": [50, 51, 52, 57, 58, 63, 65], "excluded_lines": []}, "get_me": {"executed_lines": [], "summary": {"covered_lines": 0, "num_statements": 1, "percent_covered": 0.0, "percent_covered_display": "0", "missing_lines": 1, "excluded_lines": 0}, "missing_lines": [72], "excluded_lines": []}, "logout": {"executed_lines": [], "summary": {"covered_lines": 0, "num_statements": 1, "percent_covered": 0.0, "percent_covered_display": "0", "missing_lines": 1, "excluded_lines": 0}, "missing_lines": [77], "excluded_lines": []}, "": {"executed_lines": [1, 2, 3, 4, 11, 12, 14, 16, 17, 48, 49, 70, 71, 74, 75], "summary": {"covered_lines": 15, "num_statements": 15, "percent_covered": 100.0, "percent_covered_display": "100", "missing_lines": 0, "excluded_lines": 0}, "missing_lines": [], "excluded_lines": []}}, "classes": {"": {"executed_lines": [1, 2, 3, 4, 11, 12, 14, 16, 17, 48, 49, 70, 71, 74, 75], "summary": {"covered_lines": 15, "num_statements": 33, "percent_covered": 45.45454545454545, "percent_covered_display": "45", "missing_lines": 18, "excluded_lines": 0}, "missing_lines": [19, 20, 21, 27, 36, 37, 38, 41, 43, 50, 51, 52, 57, 58, 63, 65, 72, 77], "excluded_lines": []}}}, "app/routers/auth_v2.py": {"executed_lines": [1, 6, 7, 8, 9, 10, 21, 22, 23, 26, 29, 30, 72, 73, 106, 107, 127, 128, 165, 166, 171, 172, 203, 204], "summary": {"covered_lines": 23, "num_statements": 61, "percent_covered": 37.704918032786885, "percent_covered_display": "38", "missing_lines": 38, "excluded_lines": 0}, "missing_lines": [40, 41, 42, 48, 57, 58, 59, 62, 63, 65, 82, 83, 84, 89, 90, 96, 97, 99, 117, 118, 120, 139, 140, 142, 143, 149, 150, 151, 157, 159, 168, 184, 185, 191, 192, 195, 197, 210], "excluded_lines": [], "functions": {"register": {"executed_lines": [], "summary": {"covered_lines": 0, "num_statements": 10, "percent_covered": 0.0, "percent_covered_display": "0", "missing_lines": 10, "excluded_lines": 0}, "missing_lines": [40, 41, 42, 48, 57, 58, 59, 62, 63, 65], "excluded_lines": []}, "login": {"executed_lines": [], "summary": {"covered_lines": 0, "num_statements": 8, "percent_covered": 0.0, "percent_covered_display": "0", "missing_lines": 8, "excluded_lines": 0}, "missing_lines": [82, 83, 84, 89, 90, 96, 97, 99], "excluded_lines": []}, "logout": {"executed_lines": [], "summary": {"covered_lines": 0, "num_statements": 3, "percent_covered": 0.0, "percent_covered_display": "0", "missing_lines": 3, "excluded_lines": 0}, "missing_lines": [117, 118, 120], "excluded_lines": []}, "refresh_token_endpoint": {"executed_lines": [], "summary": {"covered_lines": 0, "num_statements": 9, "percent_covered": 0.0, "percent_covered_display": "0", "missing_lines": 9, "excluded_lines": 0}, "missing_lines": [139, 140, 142, 143, 149, 150, 151, 157, 159], "excluded_lines": []}, "get_me": {"executed_lines": [], "summary": {"covered_lines": 0, "num_statements": 1, "percent_covered": 0.0, "percent_covered_display": "0", "missing_lines": 1, "excluded_lines": 0}, "missing_lines": [168], "excluded_lines": []}, "change_password": {"executed_lines": [], "summary": {"covered_lines": 0, "num_statements": 6, "percent_covered": 0.0, "percent_covered_display": "0", "missing_lines": 6, "excluded_lines": 0}, "missing_lines": [184, 185, 191, 192, 195, 197], "excluded_lines": []}, "verify_token_endpoint": {"executed_lines": [], "summary": {"covered_lines": 0, "num_statements": 1, "percent_covered": 0.0, "percent_covered_display": "0", "missing_lines": 1, "excluded_lines": 0}, "missing_lines": [210], "excluded_lines": []}, "": {"executed_lines": [1, 6, 7, 8, 9, 10, 21, 22, 23, 26, 29, 30, 72, 73, 106, 107, 127, 128, 165, 166, 171, 172, 203, 204], "summary": {"covered_lines": 23, "num_statements": 23, "percent_covered": 100.0, "percent_covered_display": "100", "missing_lines": 0, "excluded_lines": 0}, "missing_lines": [], "excluded_lines": []}}, "classes": {"": {"executed_lines": [1, 6, 7, 8, 9, 10, 21, 22, 23, 26, 29, 30, 72, 73, 106, 107, 127, 128, 165, 166, 171, 172, 203, 204], "summary": {"covered_lines": 23, "num_statements": 61, "percent_covered": 37.704918032786885, "percent_covered_display": "38", "missing_lines": 38, "excluded_lines": 0}, "missing_lines": [40, 41, 42, 48, 57, 58, 59, 62, 63, 65, 82, 83, 84, 89, 90, 96, 97, 99, 117, 118, 120, 139, 140, 142, 143, 149, 150, 151, 157, 159, 168, 184, 185, 191, 192, 195, 197, 210], "excluded_lines": []}}}, "app/routers/events.py": {"executed_lines": [1, 5, 6, 7, 8, 10, 11, 12, 13, 14, 21, 24, 25, 67, 68, 87, 88, 105, 106, 134, 135, 155, 156], "summary": {"covered_lines": 22, "num_statements": 62, "percent_covered": 35.483870967741936, "percent_covered_display": "35", "missing_lines": 40, "excluded_lines": 0}, "missing_lines": [37, 40, 41, 42, 45, 47, 48, 49, 52, 53, 56, 58, 59, 61, 74, 80, 81, 82, 84, 94, 99, 100, 102, 113, 118, 119, 121, 123, 124, 126, 128, 129, 131, 141, 146, 147, 149, 150, 152, 171], "excluded_lines": [], "functions": {"list_events": {"executed_lines": [], "summary": {"covered_lines": 0, "num_statements": 14, "percent_covered": 0.0, "percent_covered_display": "0", "missing_lines": 14, "excluded_lines": 0}, "missing_lines": [37, 40, 41, 42, 45, 47, 48, 49, 52, 53, 56, 58, 59, 61], "excluded_lines": []}, "create_event": {"executed_lines": [], "summary": {"covered_lines": 0, "num_statements": 5, "percent_covered": 0.0, "percent_covered_display": "0", "missing_lines": 5, "excluded_lines": 0}, "missing_lines": [74, 80, 81, 82, 84], "excluded_lines": []}, "get_event": {"executed_lines": [], "summary": {"covered_lines": 0, "num_statements": 4, "percent_covered": 0.0, "percent_covered_display": "0", "missing_lines": 4, "excluded_lines": 0}, "missing_lines": [94, 99, 100, 102], "excluded_lines": []}, "update_event": {"executed_lines": [], "summary": {"covered_lines": 0, "num_statements": 10, "percent_covered": 0.0, "percent_covered_display": "0", "missing_lines": 10, "excluded_lines": 0}, "missing_lines": [113, 118, 119, 121, 123, 124, 126, 128, 129, 131], "excluded_lines": []}, "delete_event": {"executed_lines": [], "summary": {"covered_lines": 0, "num_statements": 6, "percent_covered": 0.0, "percent_covered_display": "0", "missing_lines": 6, "excluded_lines": 0}, "missing_lines": [141, 146, 147, 149, 150, 152], "excluded_lines": []}, "sync_google_calendar": {"executed_lines": [], "summary": {"covered_lines": 0, "num_statements": 1, "percent_covered": 0.0, "percent_covered_display": "0", "missing_lines": 1, "excluded_lines": 0}, "missing_lines": [171], "excluded_lines": []}, "": {"executed_lines": [1, 5, 6, 7, 8, 10, 11, 12, 13, 14, 21, 24, 25, 67, 68, 87, 88, 105, 106, 134, 135, 155, 156], "summary": {"covered_lines": 22, "num_statements": 22, "percent_covered": 100.0, "percent_covered_display": "100", "missing_lines": 0, "excluded_lines": 0}, "missing_lines": [], "excluded_lines": []}}, "classes": {"": {"executed_lines": [1, 5, 6, 7, 8, 10, 11, 12, 13, 14, 21, 24, 25, 67, 68, 87, 88, 105, 106, 134, 135, 155, 156], "summary": {"covered_lines": 22, "num_statements": 62, "percent_covered": 35.483870967741936, "percent_covered_display": "35", "missing_lines": 40, "excluded_lines": 0}, "missing_lines": [37, 40, 41, 42, 45, 47, 48, 49, 52, 53, 56, 58, 59, 61, 74, 80, 81, 82, 84, 94, 99, 100, 102, 113, 118, 119, 121, 123, 124, 126, 128, 129, 131, 141, 146, 147, 149, 150, 152, 171], "excluded_lines": []}}}, "app/routers/google_oauth.py": {"executed_lines": [1, 2, 3, 4, 5, 6, 11, 12, 14, 17, 19, 20, 45, 46, 97, 98, 126, 127], "summary": {"covered_lines": 18, "num_statements": 51, "percent_covered": 35.294117647058826, "percent_covered_display": "35", "missing_lines": 33, "excluded_lines": 0}, "missing_lines": [23, 24, 28, 29, 31, 40, 52, 53, 59, 67, 68, 69, 72, 74, 76, 85, 86, 87, 90, 92, 105, 106, 111, 116, 117, 118, 119, 121, 132, 133, 134, 135, 137], "excluded_lines": [], "functions": {"get_google_auth_url": {"executed_lines": [], "summary": {"covered_lines": 0, "num_statements": 6, "percent_covered": 0.0, "percent_covered_display": "0", "missing_lines": 6, "excluded_lines": 0}, "missing_lines": [23, 24, 28, 29, 31, 40], "excluded_lines": []}, "google_login": {"executed_lines": [], "summary": {"covered_lines": 0, "num_statements": 14, "percent_covered": 0.0, "percent_covered_display": "0", "missing_lines": 14, "excluded_lines": 0}, "missing_lines": [52, 53, 59, 67, 68, 69, 72, 74, 76, 85, 86, 87, 90, 92], "excluded_lines": []}, "link_google_account": {"executed_lines": [], "summary": {"covered_lines": 0, "num_statements": 8, "percent_covered": 0.0, "percent_covered_display": "0", "missing_lines": 8, "excluded_lines": 0}, "missing_lines": [105, 106, 111, 116, 117, 118, 119, 121], "excluded_lines": []}, "unlink_google_account": {"executed_lines": [], "summary": {"covered_lines": 0, "num_statements": 5, "percent_covered": 0.0, "percent_covered_display": "0", "missing_lines": 5, "excluded_lines": 0}, "missing_lines": [132, 133, 134, 135, 137], "excluded_lines": []}, "": {"executed_lines": [1, 2, 3, 4, 5, 6, 11, 12, 14, 17, 19, 20, 45, 46, 97, 98, 126, 127], "summary": {"covered_lines": 18, "num_statements": 18, "percent_covered": 100.0, "percent_covered_display": "100", "missing_lines": 0, "excluded_lines": 0}, "missing_lines": [], "excluded_lines": []}}, "classes": {"": {"executed_lines": [1, 2, 3, 4, 5, 6, 11, 12, 14, 17, 19, 20, 45, 46, 97, 98, 126, 127], "summary": {"covered_lines": 18, "num_statements": 51, "percent_covered": 35.294117647058826, "percent_covered_display": "35", "missing_lines": 33, "excluded_lines": 0}, "missing_lines": [23, 24, 28, 29, 31, 40, 52, 53, 59, 67, 68, 69, 72, 74, 76, 85, 86, 87, 90, 92, 105, 106, 111, 116, 117, 118, 119, 121, 132, 133, 134, 135, 137], "excluded_lines": []}}}, "app/routers/integration_calendar.py": {"executed_lines": [1, 2, 4, 11, 14, 15, 16, 17, 19, 20, 23, 24, 28, 29, 30, 31, 36, 37, 38], "summary": {"covered_lines": 19, "num_statements": 20, "percent_covered": 95.0, "percent_covered_display": "95", "missing_lines": 1, "excluded_lines": 0}, "missing_lines": [18], "excluded_lines": [], "functions": {"calendar_status": {"executed_lines": [16, 17, 19, 20], "summary": {"covered_lines": 4, "num_statements": 5, "percent_covered": 80.0, "percent_covered_display": "80", "missing_lines": 1, "excluded_lines": 0}, "missing_lines": [18], "excluded_lines": []}, "calendar_create_event": {"executed_lines": [28, 29, 30, 31, 36, 37, 38], "summary": {"covered_lines": 7, "num_statements": 7, "percent_covered": 100.0, "percent_covered_display": "100", "missing_lines": 0, "excluded_lines": 0}, "missing_lines": [], "excluded_lines": []}, "": {"executed_lines": [1, 2, 4, 11, 14, 15, 23, 24], "summary": {"covered_lines": 8, "num_statements": 8, "percent_covered": 100.0, "percent_covered_display": "100", "missing_lines": 0, "excluded_lines": 0}, "missing_lines": [], "excluded_lines": []}}, "classes": {"": {"executed_lines": [1, 2, 4, 11, 14, 15, 16, 17, 19, 20, 23, 24, 28, 29, 30, 31, 36, 37, 38], "summary": {"covered_lines": 19, "num_statements": 20, "percent_covered": 95.0, "percent_covered_display": "95", "missing_lines": 1, "excluded_lines": 0}, "missing_lines": [18], "excluded_lines": []}}}, "app/routers/pricing.py": {"executed_lines": [1, 3, 6, 75, 76], "summary": {"covered_lines": 5, "num_statements": 6, "percent_covered": 83.33333333333333, "percent_covered_display": "83", "missing_lines": 1, "excluded_lines": 0}, "missing_lines": [78], "excluded_lines": [], "functions": {"list_models": {"executed_lines": [], "summary": {"covered_lines": 0, "num_statements": 1, "percent_covered": 0.0, "percent_covered_display": "0", "missing_lines": 1, "excluded_lines": 0}, "missing_lines": [78], "excluded_lines": []}, "": {"executed_lines": [1, 3, 6, 75, 76], "summary": {"covered_lines": 5, "num_statements": 5, "percent_covered": 100.0, "percent_covered_display": "100", "missing_lines": 0, "excluded_lines": 0}, "missing_lines": [], "excluded_lines": []}}, "classes": {"": {"executed_lines": [1, 3, 6, 75, 76], "summary": {"covered_lines": 5, "num_statements": 6, "percent_covered": 83.33333333333333, "percent_covered_display": "83", "missing_lines": 1, "excluded_lines": 0}, "missing_lines": [78], "excluded_lines": []}}}, "app/routers/projects.py": {"executed_lines": [1, 5, 6, 7, 8, 10, 11, 12, 13, 14, 20, 22, 25, 26, 57, 58, 85, 86, 113, 114, 150, 151, 171, 172, 177, 178, 187, 188, 218, 219], "summary": {"covered_lines": 29, "num_statements": 89, "percent_covered": 32.58426966292135, "percent_covered_display": "33", "missing_lines": 60, "excluded_lines": 0}, "missing_lines": [32, 33, 34, 37, 38, 39, 40, 49, 51, 64, 70, 71, 72, 74, 92, 97, 98, 100, 102, 121, 126, 127, 129, 131, 132, 134, 135, 137, 139, 157, 162, 163, 165, 166, 168, 174, 180, 181, 182, 183, 184, 195, 196, 203, 205, 214, 215, 234, 239, 240, 243, 245, 246, 247, 248, 251, 254, 255, 258, 264], "excluded_lines": [], "functions": {"list_projects": {"executed_lines": [], "summary": {"covered_lines": 0, "num_statements": 9, "percent_covered": 0.0, "percent_covered_display": "0", "missing_lines": 9, "excluded_lines": 0}, "missing_lines": [32, 33, 34, 37, 38, 39, 40, 49, 51], "excluded_lines": []}, "create_project": {"executed_lines": [], "summary": {"covered_lines": 0, "num_statements": 5, "percent_covered": 0.0, "percent_covered_display": "0", "missing_lines": 5, "excluded_lines": 0}, "missing_lines": [64, 70, 71, 72, 74], "excluded_lines": []}, "get_project": {"executed_lines": [], "summary": {"covered_lines": 0, "num_statements": 5, "percent_covered": 0.0, "percent_covered_display": "0", "missing_lines": 5, "excluded_lines": 0}, "missing_lines": [92, 97, 98, 100, 102], "excluded_lines": []}, "update_project": {"executed_lines": [], "summary": {"covered_lines": 0, "num_statements": 10, "percent_covered": 0.0, "percent_covered_display": "0", "missing_lines": 10, "excluded_lines": 0}, "missing_lines": [121, 126, 127, 129, 131, 132, 134, 135, 137, 139], "excluded_lines": []}, "delete_project": {"executed_lines": [], "summary": {"covered_lines": 0, "num_statements": 6, "percent_covered": 0.0, "percent_covered_display": "0", "missing_lines": 6, "excluded_lines": 0}, "missing_lines": [157, 162, 163, 165, 166, 168], "excluded_lines": []}, "list_project_templates": {"executed_lines": [], "summary": {"covered_lines": 0, "num_statements": 1, "percent_covered": 0.0, "percent_covered_display": "0", "missing_lines": 1, "excluded_lines": 0}, "missing_lines": [174], "excluded_lines": []}, "get_project_template": {"executed_lines": [], "summary": {"covered_lines": 0, "num_statements": 5, "percent_covered": 0.0, "percent_covered_display": "0", "missing_lines": 5, "excluded_lines": 0}, "missing_lines": [180, 181, 182, 183, 184], "excluded_lines": []}, "create_project_from_template": {"executed_lines": [], "summary": {"covered_lines": 0, "num_statements": 6, "percent_covered": 0.0, "percent_covered_display": "0", "missing_lines": 6, "excluded_lines": 0}, "missing_lines": [195, 196, 203, 205, 214, 215], "excluded_lines": []}, "get_project_progress": {"executed_lines": [], "summary": {"covered_lines": 0, "num_statements": 13, "percent_covered": 0.0, "percent_covered_display": "0", "missing_lines": 13, "excluded_lines": 0}, "missing_lines": [234, 239, 240, 243, 245, 246, 247, 248, 251, 254, 255, 258, 264], "excluded_lines": []}, "": {"executed_lines": [1, 5, 6, 7, 8, 10, 11, 12, 13, 14, 20, 22, 25, 26, 57, 58, 85, 86, 113, 114, 150, 151, 171, 172, 177, 178, 187, 188, 218, 219], "summary": {"covered_lines": 29, "num_statements": 29, "percent_covered": 100.0, "percent_covered_display": "100", "missing_lines": 0, "excluded_lines": 0}, "missing_lines": [], "excluded_lines": []}}, "classes": {"": {"executed_lines": [1, 5, 6, 7, 8, 10, 11, 12, 13, 14, 20, 22, 25, 26, 57, 58, 85, 86, 113, 114, 150, 151, 171, 172, 177, 178, 187, 188, 218, 219], "summary": {"covered_lines": 29, "num_statements": 89, "percent_covered": 32.58426966292135, "percent_covered_display": "33", "missing_lines": 60, "excluded_lines": 0}, "missing_lines": [32, 33, 34, 37, 38, 39, 40, 49, 51, 64, 70, 71, 72, 74, 92, 97, 98, 100, 102, 121, 126, 127, 129, 131, 132, 134, 135, 137, 139, 157, 162, 163, 165, 166, 168, 174, 180, 181, 182, 183, 184, 195, 196, 203, 205, 214, 215, 234, 239, 240, 243, 245, 246, 247, 248, 251, 254, 255, 258, 264], "excluded_lines": []}}}, "app/routers/shadow.py": {"executed_lines": [1, 2, 3, 4, 5, 6, 7, 8, 9, 17, 18, 20, 23, 26, 34, 36, 37, 117, 118, 152, 153, 168, 169], "summary": {"covered_lines": 23, "num_statements": 64, "percent_covered": 35.9375, "percent_covered_display": "36", "missing_lines": 41, "excluded_lines": 0}, "missing_lines": [28, 29, 30, 43, 45, 46, 50, 62, 82, 88, 91, 92, 94, 95, 104, 106, 108, 114, 115, 122, 125, 126, 127, 129, 132, 146, 158, 160, 161, 162, 163, 164, 166, 173, 175, 176, 183, 184, 186, 187, 189], "excluded_lines": [], "functions": {"get_anthropic_client": {"executed_lines": [], "summary": {"covered_lines": 0, "num_statements": 3, "percent_covered": 0.0, "percent_covered_display": "0", "missing_lines": 3, "excluded_lines": 0}, "missing_lines": [28, 29, 30], "excluded_lines": []}, "analyze_shadow": {"executed_lines": [], "summary": {"covered_lines": 0, "num_statements": 16, "percent_covered": 0.0, "percent_covered_display": "0", "missing_lines": 16, "excluded_lines": 0}, "missing_lines": [43, 45, 46, 50, 62, 82, 88, 91, 92, 94, 95, 104, 106, 108, 114, 115], "excluded_lines": []}, "get_insights": {"executed_lines": [], "summary": {"covered_lines": 0, "num_statements": 7, "percent_covered": 0.0, "percent_covered_display": "0", "missing_lines": 7, "excluded_lines": 0}, "missing_lines": [122, 125, 126, 127, 129, 132, 146], "excluded_lines": []}, "acknowledge_insight": {"executed_lines": [], "summary": {"covered_lines": 0, "num_statements": 7, "percent_covered": 0.0, "percent_covered_display": "0", "missing_lines": 7, "excluded_lines": 0}, "missing_lines": [158, 160, 161, 162, 163, 164, 166], "excluded_lines": []}, "get_unlock_status": {"executed_lines": [], "summary": {"covered_lines": 0, "num_statements": 8, "percent_covered": 0.0, "percent_covered_display": "0", "missing_lines": 8, "excluded_lines": 0}, "missing_lines": [173, 175, 176, 183, 184, 186, 187, 189], "excluded_lines": []}, "": {"executed_lines": [1, 2, 3, 4, 5, 6, 7, 8, 9, 17, 18, 20, 23, 26, 34, 36, 37, 117, 118, 152, 153, 168, 169], "summary": {"covered_lines": 23, "num_statements": 23, "percent_covered": 100.0, "percent_covered_display": "100", "missing_lines": 0, "excluded_lines": 0}, "missing_lines": [], "excluded_lines": []}}, "classes": {"": {"executed_lines": [1, 2, 3, 4, 5, 6, 7, 8, 9, 17, 18, 20, 23, 26, 34, 36, 37, 117, 118, 152, 153, 168, 169], "summary": {"covered_lines": 23, "num_statements": 64, "percent_covered": 35.9375, "percent_covered_display": "36", "missing_lines": 41, "excluded_lines": 0}, "missing_lines": [28, 29, 30, 43, 45, 46, 50, 62, 82, 88, 91, 92, 94, 95, 104, 106, 108, 114, 115, 122, 125, 126, 127, 129, 132, 146, 158, 160, 161, 162, 163, 164, 166, 173, 175, 176, 183, 184, 186, 187, 189], "excluded_lines": []}}}, "app/routers/swarm_tools.py": {"executed_lines": [1, 9, 10, 11, 12, 13, 14, 15, 16, 18, 21, 22, 23, 24, 26, 27, 28, 29, 30, 31, 33, 34, 35, 36, 37, 39, 40, 41, 42, 43, 44, 46, 47, 48, 49, 50, 53, 54, 86, 87, 126, 127, 162, 163, 194, 195, 212, 213, 226, 227, 241, 242, 260, 261, 270, 271, 280, 281, 295, 296, 310, 311, 344, 345, 360, 361], "summary": {"covered_lines": 65, "num_statements": 109, "percent_covered": 59.63302752293578, "percent_covered_display": "60", "missing_lines": 44, "excluded_lines": 0}, "missing_lines": [61, 71, 72, 73, 75, 97, 99, 100, 102, 104, 106, 108, 110, 112, 135, 137, 138, 148, 149, 151, 153, 172, 177, 187, 202, 216, 230, 247, 264, 274, 284, 303, 318, 323, 324, 331, 332, 333, 335, 348, 350, 368, 369, 374], "excluded_lines": [], "functions": {"create_task_from_nl": {"executed_lines": [], "summary": {"covered_lines": 0, "num_statements": 5, "percent_covered": 0.0, "percent_covered_display": "0", "missing_lines": 5, "excluded_lines": 0}, "missing_lines": [61, 71, 72, 73, 75], "excluded_lines": []}, "get_tasks_with_context": {"executed_lines": [], "summary": {"covered_lines": 0, "num_statements": 9, "percent_covered": 0.0, "percent_covered_display": "0", "missing_lines": 9, "excluded_lines": 0}, "missing_lines": [97, 99, 100, 102, 104, 106, 108, 110, 112], "excluded_lines": []}, "create_subtasks": {"executed_lines": [], "summary": {"covered_lines": 0, "num_statements": 7, "percent_covered": 0.0, "percent_covered_display": "0", "missing_lines": 7, "excluded_lines": 0}, "missing_lines": [135, 137, 138, 148, 149, 151, 153], "excluded_lines": []}, "get_task_recommendations": {"executed_lines": [], "summary": {"covered_lines": 0, "num_statements": 3, "percent_covered": 0.0, "percent_covered_display": "0", "missing_lines": 3, "excluded_lines": 0}, "missing_lines": [172, 177, 187], "excluded_lines": []}, "update_cognitive_state": {"executed_lines": [], "summary": {"covered_lines": 0, "num_statements": 1, "percent_covered": 0.0, "percent_covered_display": "0", "missing_lines": 1, "excluded_lines": 0}, "missing_lines": [202], "excl
[...]
3, 96, 97], "summary": {"covered_lines": 71, "num_statements": 71, "percent_covered": 100.0, "percent_covered_display": "100", "missing_lines": 0, "excluded_lines": 0}, "missing_lines": [], "excluded_lines": []}}}, "app/services/__init__.py": {"executed_lines": [1, 3, 10, 17], "summary": {"covered_lines": 3, "num_statements": 3, "percent_covered": 100.0, "percent_covered_display": "100", "missing_lines": 0, "excluded_lines": 0}, "missing_lines": [], "excluded_lines": [], "functions": {"": {"executed_lines": [1, 3, 10, 17], "summary": {"covered_lines": 3, "num_statements": 3, "percent_covered": 100.0, "percent_covered_display": "100", "missing_lines": 0, "excluded_lines": 0}, "missing_lines": [], "excluded_lines": []}}, "classes": {"": {"executed_lines": [1, 3, 10, 17], "summary": {"covered_lines": 3, "num_statements": 3, "percent_covered": 100.0, "percent_covered_display": "100", "missing_lines": 0, "excluded_lines": 0}, "missing_lines": [], "excluded_lines": []}}}, "app/services/ai_scheduler.py": {"executed_lines": [1, 6, 7, 8, 9, 11, 12, 15, 16, 27, 28, 109, 110, 179, 180, 274, 275, 325, 326, 337, 338, 349, 350, 370, 371], "summary": {"covered_lines": 23, "num_statements": 137, "percent_covered": 16.78832116788321, "percent_covered_display": "17", "missing_lines": 114, "excluded_lines": 0}, "missing_lines": [46, 48, 49, 52, 53, 54, 55, 56, 57, 58, 59, 60, 61, 62, 63, 65, 68, 73, 77, 78, 79, 80, 81, 82, 83, 85, 89, 90, 94, 95, 97, 105, 107, 123, 124, 127, 130, 132, 133, 134, 136, 137, 138, 141, 143, 144, 147, 148, 151, 152, 156, 158, 169, 171, 193, 198, 199, 205, 206, 207, 208, 210, 211, 217, 218, 221, 222, 225, 231, 234, 235, 236, 245, 246, 247, 256, 257, 258, 266, 286, 293, 296, 301, 302, 312, 313, 322, 328, 329, 330, 331, 332, 333, 335, 340, 341, 342, 343, 344, 345, 347, 352, 357, 358, 361, 362, 363, 364, 367, 368, 376, 377, 380, 382], "excluded_lines": [], "functions": {"AISchedulerService.prioritize_tasks": {"executed_lines": [], "summary": {"covered_lines": 0, "num_statements": 33, "percent_covered": 0.0, "percent_covered_display": "0", "missing_lines": 33, "excluded_lines": 0}, "missing_lines": [46, 48, 49, 52, 53, 54, 55, 56, 57, 58, 59, 60, 61, 62, 63, 65, 68, 73, 77, 78, 79, 80, 81, 82, 83, 85, 89, 90, 94, 95, 97, 105, 107], "excluded_lines": []}, "AISchedulerService.suggest_schedule": {"executed_lines": [], "summary": {"covered_lines": 0, "num_statements": 21, "percent_covered": 0.0, "percent_covered_display": "0", "missing_lines": 21, "excluded_lines": 0}, "missing_lines": [123, 124, 127, 130, 132, 133, 134, 136, 137, 138, 141, 143, 144, 147, 148, 151, 152, 156, 158, 169, 171], "excluded_lines": []}, "AISchedulerService.get_focus_recommendations": {"executed_lines": [], "summary": {"covered_lines": 0, "num_statements": 25, "percent_covered": 0.0, "percent_covered_display": "0", "missing_lines": 25, "excluded_lines": 0}, "missing_lines": [193, 198, 199, 205, 206, 207, 208, 210, 211, 217, 218, 221, 222, 225, 231, 234, 235, 236, 245, 246, 247, 256, 257, 258, 266], "excluded_lines": []}, "AISchedulerService.detect_distractions": {"executed_lines": [], "summary": {"covered_lines": 0, "num_statements": 8, "percent_covered": 0.0, "percent_covered_display": "0", "missing_lines": 8, "excluded_lines": 0}, "missing_lines": [286, 293, 296, 301, 302, 312, 313, 322], "excluded_lines": []}, "AISchedulerService._get_urgency_level": {"executed_lines": [], "summary": {"covered_lines": 0, "num_statements": 7, "percent_covered": 0.0, "percent_covered_display": "0", "missing_lines": 7, "excluded_lines": 0}, "missing_lines": [328, 329, 330, 331, 332, 333, 335], "excluded_lines": []}, "AISchedulerService._get_recommendation": {"executed_lines": [], "summary": {"covered_lines": 0, "num_statements": 7, "percent_covered": 0.0, "percent_covered_display": "0", "missing_lines": 7, "excluded_lines": 0}, "missing_lines": [340, 341, 342, 343, 344, 345, 347], "excluded_lines": []}, "AISchedulerService._get_peak_productivity_hours": {"executed_lines": [], "summary": {"covered_lines": 0, "num_statements": 9, "percent_covered": 0.0, "percent_covered_display": "0", "missing_lines": 9, "excluded_lines": 0}, "missing_lines": [352, 357, 358, 361, 362, 363, 364, 367, 368], "excluded_lines": []}, "AISchedulerService._adjust_to_peak_hours": {"executed_lines": [], "summary": {"covered_lines": 0, "num_statements": 4, "percent_covered": 0.0, "percent_covered_display": "0", "missing_lines": 4, "excluded_lines": 0}, "missing_lines": [376, 377, 380, 382], "excluded_lines": []}, "": {"executed_lines": [1, 6, 7, 8, 9, 11, 12, 15, 16, 27, 28, 109, 110, 179, 180, 274, 275, 325, 326, 337, 338, 349, 350, 370, 371], "summary": {"covered_lines": 23, "num_statements": 23, "percent_covered": 100.0, "percent_covered_display": "100", "missing_lines": 0, "excluded_lines": 0}, "missing_lines": [], "excluded_lines": []}}, "classes": {"AISchedulerService": {"executed_lines": [], "summary": {"covered_lines": 0, "num_statements": 114, "percent_covered": 0.0, "percent_covered_display": "0", "missing_lines": 114, "excluded_lines": 0}, "missing_lines": [46, 48, 49, 52, 53, 54, 55, 56, 57, 58, 59, 60, 61, 62, 63, 65, 68, 73, 77, 78, 79, 80, 81, 82, 83, 85, 89, 90, 94, 95, 97, 105, 107, 123, 124, 127, 130, 132, 133, 134, 136, 137, 138, 141, 143, 144, 147, 148, 151, 152, 156, 158, 169, 171, 193, 198, 199, 205, 206, 207, 208, 210, 211, 217, 218, 221, 222, 225, 231, 234, 235, 236, 245, 246, 247, 256, 257, 258, 266, 286, 293, 296, 301, 302, 312, 313, 322, 328, 329, 330, 331, 332, 333, 335, 340, 341, 342, 343, 344, 345, 347, 352, 357, 358, 361, 362, 363, 364, 367, 368, 376, 377, 380, 382], "excluded_lines": []}, "": {"executed_lines": [1, 6, 7, 8, 9, 11, 12, 15, 16, 27, 28, 109, 110, 179, 180, 274, 275, 325, 326, 337, 338, 349, 350, 370, 371], "summary": {"covered_lines": 23, "num_statements": 23, "percent_covered": 100.0, "percent_covered_display": "100", "missing_lines": 0, "excluded_lines": 0}, "missing_lines": [], "excluded_lines": []}}}, "app/services/calendar_adapter.py": {"executed_lines": [1, 8, 10, 12, 13, 14, 15, 16, 19, 20, 23, 24, 25, 26, 28, 31, 33, 38, 44, 45, 47, 53, 54], "summary": {"covered_lines": 22, "num_statements": 25, "percent_covered": 88.0, "percent_covered_display": "88", "missing_lines": 3, "excluded_lines": 0}, "missing_lines": [27, 35, 46], "excluded_lines": [], "functions": {"get_calendar_service": {"executed_lines": [24, 25, 26, 28], "summary": {"covered_lines": 4, "num_statements": 5, "percent_covered": 80.0, "percent_covered_display": "80", "missing_lines": 1, "excluded_lines": 0}, "missing_lines": [27], "excluded_lines": []}, "ping_calendar": {"executed_lines": [33], "summary": {"covered_lines": 1, "num_statements": 2, "percent_covered": 50.0, "percent_covered_display": "50", "missing_lines": 1, "excluded_lines": 0}, "missing_lines": [35], "excluded_lines": []}, "create_calendar_event": {"executed_lines": [44, 45, 47, 53, 54], "summary": {"covered_lines": 5, "num_statements": 6, "percent_covered": 83.33333333333333, "percent_covered_display": "83", "missing_lines": 1, "excluded_lines": 0}, "missing_lines": [46], "excluded_lines": []}, "": {"executed_lines": [1, 8, 10, 12, 13, 14, 15, 16, 19, 20, 23, 31, 38], "summary": {"covered_lines": 12, "num_statements": 12, "percent_covered": 100.0, "percent_covered_display": "100", "missing_lines": 0, "excluded_lines": 0}, "missing_lines": [], "excluded_lines": []}}, "classes": {"CalendarNotConfigured": {"executed_lines": [], "summary": {"covered_lines": 0, "num_statements": 0, "percent_covered": 100.0, "percent_covered_display": "100", "missing_lines": 0, "excluded_lines": 0}, "missing_lines": [], "excluded_lines": []}, "": {"executed_lines": [1, 8, 10, 12, 13, 14, 15, 16, 19, 20, 23, 24, 25, 26, 28, 31, 33, 38, 44, 45, 47, 53, 54], "summary": {"covered_lines": 22, "num_statements": 25, "percent_covered": 88.0, "percent_covered_display": "88", "missing_lines": 3, "excluded_lines": 0}, "missing_lines": [27, 35, 46], "excluded_lines": []}}}, "app/services/google_calendar.py": {"executed_lines": [], "summary": {"covered_lines": 0, "num_statements": 76, "percent_covered": 0.0, "percent_covered_display": "0", "missing_lines": 76, "excluded_lines": 0}, "missing_lines": [6, 7, 8, 9, 10, 11, 14, 27, 35, 42, 44, 65, 66, 67, 68, 70, 72, 81, 84, 85, 86, 87, 89, 91, 92, 93, 95, 113, 114, 115, 118, 119, 122, 127, 142, 167, 181, 182, 184, 185, 190, 192, 193, 194, 196, 221, 223, 229, 230, 231, 232, 233, 234, 235, 236, 240, 241, 247, 253, 255, 256, 257, 259, 274, 275, 280, 282, 283, 284, 286, 309, 311, 312, 313, 314, 316], "excluded_lines": [], "functions": {"GoogleCalendarService.__init__": {"executed_lines": [], "summary": {"covered_lines": 0, "num_statements": 2, "percent_covered": 0.0, "percent_covered_display": "0", "missing_lines": 2, "excluded_lines": 0}, "missing_lines": [35, 42], "excluded_lines": []}, "GoogleCalendarService.sync_events": {"executed_lines": [], "summary": {"covered_lines": 0, "num_statements": 15, "percent_covered": 0.0, "percent_covered_display": "0", "missing_lines": 15, "excluded_lines": 0}, "missing_lines": [65, 66, 67, 68, 70, 72, 81, 84, 85, 86, 87, 89, 91, 92, 93], "excluded_lines": []}, "GoogleCalendarService._google_to_focus_event": {"executed_lines": [], "summary": {"covered_lines": 0, "num_statements": 7, "percent_covered": 0.0, "percent_covered_display": "0", "missing_lines": 7, "excluded_lines": 0}, "missing_lines": [113, 114, 115, 118, 119, 122, 127], "excluded_lines": []}, "GoogleCalendarService.create_event": {"executed_lines": [], "summary": {"covered_lines": 0, "num_statements": 9, "percent_covered": 0.0, "percent_covered_display": "0", "missing_lines": 9, "excluded_lines": 0}, "missing_lines": [167, 181, 182, 184, 185, 190, 192, 193, 194], "excluded_lines": []}, "GoogleCalendarService.update_event": {"executed_lines": [], "summary": {"covered_lines": 0, "num_statements": 17, "percent_covered": 0.0, "percent_covered_display": "0", "missing_lines": 17, "excluded_lines": 0}, "missing_lines": [221, 223, 229, 230, 231, 232, 233, 234, 235, 236, 240, 241, 247, 253, 255, 256, 257], "excluded_lines": []}, "GoogleCalendarService.delete_event": {"executed_lines": [], "summary": {"covered_lines": 0, "num_statements": 6, "percent_covered": 0.0, "percent_covered_display": "0", "missing_lines": 6, "excluded_lines": 0}, "missing_lines": [274, 275, 280, 282, 283, 284], "excluded_lines": []}, "GoogleCalendarService.sync_task_deadline": {"executed_lines": [], "summary": {"covered_lines": 0, "num_statements": 6, "percent_covered": 0.0, "percent_covered_display": "0", "missing_lines": 6, "excluded_lines": 0}, "missing_lines": [309, 311, 312, 313, 314, 316], "excluded_lines": []}, "": {"executed_lines": [], "summary": {"covered_lines": 0, "num_statements": 14, "percent_covered": 0.0, "percent_covered_display": "0", "missing_lines": 14, "excluded_lines": 0}, "missing_lines": [6, 7, 8, 9, 10, 11, 14, 27, 44, 95, 142, 196, 259, 286], "excluded_lines": []}}, "classes": {"GoogleCalendarService": {"executed_lines": [], "summary": {"covered_lines": 0, "num_statements": 62, "percent_covered": 0.0, "percent_covered_display": "0", "missing_lines": 62, "excluded_lines": 0}, "missing_lines": [35, 42, 65, 66, 67, 68, 70, 72, 81, 84, 85, 86, 87, 89, 91, 92, 93, 113, 114, 115, 118, 119, 122, 127, 167, 181, 182, 184, 185, 190, 192, 193, 194, 221, 223, 229, 230, 231, 232, 233, 234, 235, 236, 240, 241, 247, 253, 255, 256, 257, 274, 275, 280, 282, 283, 284, 309, 311, 312, 313, 314, 316], "excluded_lines": []}, "": {"executed_lines": [], "summary": {"covered_lines": 0, "num_statements": 14, "percent_covered": 0.0, "percent_covered_display": "0", "missing_lines": 14, "excluded_lines": 0}, "missing_lines": [6, 7, 8, 9, 10, 11, 14, 27, 44, 95, 142, 196, 259, 286], "excluded_lines": []}}}, "app/services/project_templates.py": {"executed_lines": [1, 6, 7, 8, 9, 11, 14, 15, 17, 252, 253, 267, 268, 333, 334], "summary": {"covered_lines": 13, "num_statements": 33, "percent_covered": 39.39393939393939, "percent_covered_display": "39", "missing_lines": 20, "excluded_lines": 0}, "missing_lines": [255, 287, 288, 290, 293, 304, 305, 308, 309, 311, 313, 326, 328, 329, 331, 336, 337, 339, 340, 341], "excluded_lines": [], "functions": {"ProjectTemplateService.list_templates": {"executed_lines": [], "summary": {"covered_lines": 0, "num_statements": 1, "percent_covered": 0.0, "percent_covered_display": "0", "missing_lines": 1, "excluded_lines": 0}, "missing_lines": [255], "excluded_lines": []}, "ProjectTemplateService.create_from_template": {"executed_lines": [], "summary": {"covered_lines": 0, "num_statements": 14, "percent_covered": 0.0, "percent_covered_display": "0", "missing_lines": 14, "excluded_lines": 0}, "missing_lines": [287, 288, 290, 293, 304, 305, 308, 309, 311, 313, 326, 328, 329, 331], "excluded_lines": []}, "ProjectTemplateService.get_template": {"executed_lines": [], "summary": {"covered_lines": 0, "num_statements": 5, "percent_covered": 0.0, "percent_covered_display": "0", "missing_lines": 5, "excluded_lines": 0}, "missing_lines": [336, 337, 339, 340, 341], "excluded_lines": []}, "": {"executed_lines": [1, 6, 7, 8, 9, 11, 14, 15, 17, 252, 253, 267, 268, 333, 334], "summary": {"covered_lines": 13, "num_statements": 13, "percent_covered": 100.0, "percent_covered_display": "100", "missing_lines": 0, "excluded_lines": 0}, "missing_lines": [], "excluded_lines": []}}, "classes": {"ProjectTemplateService": {"executed_lines": [], "summary": {"covered_lines": 0, "num_statements": 20, "percent_covered": 0.0, "percent_covered_display": "0", "missing_lines": 20, "excluded_lines": 0}, "missing_lines": [255, 287, 288, 290, 293, 304, 305, 308, 309, 311, 313, 326, 328, 329, 331, 336, 337, 339, 340, 341], "excluded_lines": []}, "": {"executed_lines": [1, 6, 7, 8, 9, 11, 14, 15, 17, 252, 253, 267, 268, 333, 334], "summary": {"covered_lines": 13, "num_statements": 13, "percent_covered": 100.0, "percent_covered_display": "100", "missing_lines": 0, "excluded_lines": 0}, "missing_lines": [], "excluded_lines": []}}}, "app/services/telephony.py": {"executed_lines": [1, 3, 4, 6, 15, 16, 17, 18, 19, 22, 23, 30, 33, 51, 68], "summary": {"covered_lines": 15, "num_statements": 21, "percent_covered": 71.42857142857143, "percent_covered_display": "71", "missing_lines": 6, "excluded_lines": 0}, "missing_lines": [24, 31, 42, 49, 59, 65], "excluded_lines": [], "functions": {"TelephonyService.__init__": {"executed_lines": [], "summary": {"covered_lines": 0, "num_statements": 1, "percent_covered": 0.0, "percent_covered_display": "0", "missing_lines": 1, "excluded_lines": 0}, "missing_lines": [24], "excluded_lines": []}, "TelephonyService.available_providers": {"executed_lines": [], "summary": {"covered_lines": 0, "num_statements": 1, "percent_covered": 0.0, "percent_covered_display": "0", "missing_lines": 1, "excluded_lines": 0}, "missing_lines": [31], "excluded_lines": []}, "TelephonyService.create_call": {"executed_lines": [], "summary": {"covered_lines": 0, "num_statements": 2, "percent_covered": 0.0, "percent_covered_display": "0", "missing_lines": 2, "excluded_lines": 0}, "missing_lines": [42, 49], "excluded_lines": []}, "TelephonyService.send_sms": {"executed_lines": [], "summary": {"covered_lines": 0, "num_statements": 2, "percent_covered": 0.0, "percent_covered_display": "0", "missing_lines": 2, "excluded_lines": 0}, "missing_lines": [59, 65], "excluded_lines": []}, "": {"executed_lines": [1, 3, 4, 6, 15, 16, 17, 18, 19, 22, 23, 30, 33, 51, 68], "summary": {"covered_lines": 15, "num_statements": 15, "percent_covered": 100.0, "percent_covered_display": "100", "missing_lines": 0, "excluded_lines": 0}, "missing_lines": [], "excluded_lines": []}}, "classes": {"TelephonyServiceConfig": {"executed_lines": [], "summary": {"covered_lines": 0, "num_statements": 0, "percent_covered": 100.0, "percent_covered_display": "100", "missing_lines": 0, "excluded_lines": 0}, "missing_lines": [], "excluded_lines": []}, "TelephonyService": {"executed_lines": [], "summary": {"covered_lines": 0, "num_statements": 6, "percent_covered": 0.0, "percent_covered_display": "0", "missing_lines": 6, "excluded_lines": 0}, "missing_lines": [24, 31, 42, 49, 59, 65], "excluded_lines": []}, "": {"executed_lines": [1, 3, 4, 6, 15, 16, 17, 18, 19, 22, 23, 30, 33, 51, 68], "summary": {"covered_lines": 15, "num_statements": 15, "percent_covered": 100.0, "percent_covered_display": "100", "missing_lines": 0, "excluded_lines": 0}, "missing_lines": [], "excluded_lines": []}}}, "app/services/voice.py": {"executed_lines": [1, 3, 4, 6, 15, 18, 19, 20, 21, 22, 23, 24, 25, 26, 29, 30, 31, 41, 44, 55, 58, 61, 71, 90], "summary": {"covered_lines": 24, "num_statements": 32, "percent_covered": 75.0, "percent_covered_display": "75", "missing_lines": 8, "excluded_lines": 0}, "missing_lines": [42, 52, 53, 56, 59, 69, 80, 87], "excluded_lines": [], "functions": {"VoiceService.__init__": {"executed_lines": [31], "summary": {"covered_lines": 1, "num_statements": 1, "percent_covered": 100.0, "percent_covered_display": "100", "missing_lines": 0, "excluded_lines": 0}, "missing_lines": [], "excluded_lines": []}, "VoiceService.available_providers": {"executed_lines": [], "summary": {"covered_lines": 0, "num_statements": 1, "percent_covered": 0.0, "percent_covered_display": "0", "missing_lines": 1, "excluded_lines": 0}, "missing_lines": [42], "excluded_lines": []}, "VoiceService.create_session": {"executed_lines": [], "summary": {"covered_lines": 0, "num_statements": 2, "percent_covered": 0.0, "percent_covered_display": "0", "missing_lines": 2, "excluded_lines": 0}, "missing_lines": [52, 53], "excluded_lines": []}, "VoiceService.close_session": {"executed_lines": [], "summary": {"covered_lines": 0, "num_statements": 1, "percent_covered": 0.0, "percent_covered_display": "0", "missing_lines": 1, "excluded_lines": 0}, "missing_lines": [56], "excluded_lines": []}, "VoiceService.get_session": {"executed_lines": [], "summary": {"covered_lines": 0, "num_statements": 1, "percent_covered": 0.0, "percent_covered_display": "0", "missing_lines": 1, "excluded_lines": 0}, "missing_lines": [59], "excluded_lines": []}, "VoiceService.transcribe": {"executed_lines": [], "summary": {"covered_lines": 0, "num_statements": 1, "percent_covered": 0.0, "percent_covered_display": "0", "missing_lines": 1, "excluded_lines": 0}, "missing_lines": [69], "excluded_lines": []}, "VoiceService.synthesise": {"executed_lines": [], "summary": {"covered_lines": 0, "num_statements": 2, "percent_covered": 0.0, "percent_covered_display": "0", "missing_lines": 2, "excluded_lines": 0}, "missing_lines": [80, 87], "excluded_lines": []}, "": {"executed_lines": [1, 3, 4, 6, 15, 18, 19, 20, 21, 22, 23, 24, 25, 26, 29, 30, 41, 44, 55, 58, 61, 71, 90], "summary": {"covered_lines": 23, "num_statements": 23, "percent_covered": 100.0, "percent_covered_display": "100", "missing_lines": 0, "excluded_lines": 0}, "missing_lines": [], "excluded_lines": []}}, "classes": {"VoiceServiceConfig": {"executed_lines": [], "summary": {"covered_lines": 0, "num_statements": 0, "percent_covered": 100.0, "percent_covered_display": "100", "missing_lines": 0, "excluded_lines": 0}, "missing_lines": [], "excluded_lines": []}, "VoiceService": {"executed_lines": [31], "summary": {"covered_lines": 1, "num_statements": 9, "percent_covered": 11.11111111111111, "percent_covered_display": "11", "missing_lines": 8, "excluded_lines": 0}, "missing_lines": [42, 52, 53, 56, 59, 69, 80, 87], "excluded_lines": []}, "": {"executed_lines": [1, 3, 4, 6, 15, 18, 19, 20, 21, 22, 23, 24, 25, 26, 29, 30, 41, 44, 55, 58, 61, 71, 90], "summary": {"covered_lines": 23, "num_statements": 23, "percent_covered": 100.0, "percent_covered_display": "100", "missing_lines": 0, "excluded_lines": 0}, "missing_lines": [], "excluded_lines": []}}}}, "totals": {"covered_lines": 1386, "num_statements": 2483, "percent_covered": 55.81957309706001, "percent_covered_display": "56", "missing_lines": 1097, "excluded_lines": 8}}